This is pdfTeX, Version 3.14159265-2.6-1.40.19 (TeX Live 2018/W32TeX) (preloaded format=pdflatex 2018.10.29)  27 JUN 2019 13:07
entering extended mode
 restricted \write18 enabled.
 %&-line parsing enabled.
**Doku_Release_2.tex
(./Doku_Release_2.tex
LaTeX2e <2018-04-01> patch level 5
(d:/texlive/2018/texmf-dist/tex/latex/koma-script/scrartcl.cls
Document Class: scrartcl 2018/03/30 v3.25 KOMA-Script document class (article)
(d:/texlive/2018/texmf-dist/tex/latex/koma-script/scrkbase.sty
Package: scrkbase 2018/03/30 v3.25 KOMA-Script package (KOMA-Script-dependent b
asics and keyval usage)

(d:/texlive/2018/texmf-dist/tex/latex/koma-script/scrbase.sty
Package: scrbase 2018/03/30 v3.25 KOMA-Script package (KOMA-Script-independent 
basics and keyval usage)

(d:/texlive/2018/texmf-dist/tex/latex/graphics/keyval.sty
Package: keyval 2014/10/28 v1.15 key=value parser (DPC)
\KV@toks@=\toks14
)
(d:/texlive/2018/texmf-dist/tex/latex/koma-script/scrlfile.sty
Package: scrlfile 2018/03/30 v3.25 KOMA-Script package (loading files)
)))
(d:/texlive/2018/texmf-dist/tex/latex/koma-script/tocbasic.sty
Package: tocbasic 2018/03/30 v3.25 KOMA-Script package (handling toc-files)
\scr@dte@tocline@numberwidth=\skip41
\scr@dte@tocline@numbox=\box26
)
Package tocbasic Info: omitting babel extension for `toc'
(tocbasic)             because of feature `nobabel' available
(tocbasic)             for `toc' on input line 134.
Package scrartcl Info: You've used standard option `12pt'.
(scrartcl)             This is correct!
(scrartcl)             Internally I'm using `fontsize=12pt'.
(scrartcl)             If you'd like to set the option with \KOMAoptions,
(scrartcl)             you'd have to use `fontsize=12pt' there
(scrartcl)             instead of `12pt', too.
Class scrartcl Info: File `scrsize12pt.clo' used to setup font sizes on input l
ine 2114.

(d:/texlive/2018/texmf-dist/tex/latex/koma-script/scrsize12pt.clo
File: scrsize12pt.clo 2018/03/30 v3.25 KOMA-Script font size class option (12pt
)
)
(d:/texlive/2018/texmf-dist/tex/latex/koma-script/typearea.sty
Package: typearea 2018/03/30 v3.25 KOMA-Script package (type area)
\ta@bcor=\skip42
\ta@div=\count80
\ta@hblk=\skip43
\ta@vblk=\skip44
\ta@temp=\skip45
\footheight=\skip46
Package typearea Info: These are the values describing the layout:
(typearea)             DIV  = 12
(typearea)             BCOR = 0.0pt
(typearea)             \paperwidth      = 597.50793pt
(typearea)              \textwidth      = 448.13095pt
(typearea)              DIV departure   = -6%
(typearea)              \evensidemargin = 2.4185pt
(typearea)              \oddsidemargin  = 2.4185pt
(typearea)             \paperheight     = 845.04694pt
(typearea)              \textheight     = 635.5pt
(typearea)              \topmargin      = -41.72441pt
(typearea)              \headheight     = 18.125pt
(typearea)              \headsep        = 21.75pt
(typearea)              \topskip        = 12.0pt
(typearea)              \footskip       = 50.75pt
(typearea)              \baselineskip   = 14.5pt
(typearea)              on input line 1706.
)
\c@part=\count81
\c@section=\count82
\c@subsection=\count83
\c@subsubsection=\count84
\c@paragraph=\count85
\c@subparagraph=\count86
\scr@dte@part@maxnumwidth=\skip47
\scr@dte@section@maxnumwidth=\skip48
\scr@dte@subsection@maxnumwidth=\skip49
\scr@dte@subsubsection@maxnumwidth=\skip50
\scr@dte@paragraph@maxnumwidth=\skip51
\scr@dte@subparagraph@maxnumwidth=\skip52
\abovecaptionskip=\skip53
\belowcaptionskip=\skip54
\c@pti@nb@sid@b@x=\box27
\scr@dte@figure@maxnumwidth=\skip55
Package tocbasic Info: omitting babel extension for `lof'
(tocbasic)             because of feature `nobabel' available
(tocbasic)             for `lof' on input line 5439.
\c@figure=\count87
\scr@dte@table@maxnumwidth=\skip56
Package tocbasic Info: omitting babel extension for `lot'
(tocbasic)             because of feature `nobabel' available
(tocbasic)             for `lot' on input line 5451.
\c@table=\count88
Class scrartcl Info: Redefining `\numberline' on input line 5615.
\bibindent=\dimen102
)
(d:/texlive/2018/texmf-dist/tex/generic/babel/babel.sty
Package: babel 2018/10/16 3.26 The Babel package

(d:/texlive/2018/texmf-dist/tex/generic/babel/switch.def
File: switch.def 2018/10/16 3.26 Babel switching mechanism
)
(d:/texlive/2018/texmf-dist/tex/generic/babel-german/ngerman.ldf
Language: ngerman 2018/03/29 v2.10 German support for babel (post-1996 orthogra
phy)

(d:/texlive/2018/texmf-dist/tex/generic/babel-german/ngermanb.ldf
Language: ngermanb 2018/03/29 v2.10 German support for babel (post-1996 orthogr
aphy)

(d:/texlive/2018/texmf-dist/tex/generic/babel/babel.def
File: babel.def 2018/10/16 3.26 Babel common definitions
\babel@savecnt=\count89
\U@D=\dimen103

(d:/texlive/2018/texmf-dist/tex/generic/babel/txtbabel.def)
\bbl@dirlevel=\count90
)
Package babel Info: Making " an active character on input line 121.
)))
(d:/texlive/2018/texmf-dist/tex/latex/base/inputenc.sty
Package: inputenc 2018/04/06 v1.3b Input encoding file
\inpenc@prehook=\toks15
\inpenc@posthook=\toks16

(d:/texlive/2018/texmf-dist/tex/latex/base/ansinew.def
File: ansinew.def 2018/04/06 v1.3b Input encoding file
))
(d:/texlive/2018/texmf-dist/tex/latex/graphics/color.sty
Package: color 2016/07/10 v1.1e Standard LaTeX Color (DPC)

(d:/texlive/2018/texmf-dist/tex/latex/graphics-cfg/color.cfg
File: color.cfg 2016/01/02 v1.6 sample color configuration
)
Package color Info: Driver file: pdftex.def on input line 147.

(d:/texlive/2018/texmf-dist/tex/latex/graphics-def/pdftex.def
File: pdftex.def 2018/01/08 v1.0l Graphics/color driver for pdftex
))
(d:/texlive/2018/texmf-dist/tex/latex/geometry/geometry.sty
Package: geometry 2018/04/16 v5.8 Page Geometry

(d:/texlive/2018/texmf-dist/tex/generic/oberdiek/ifpdf.sty
Package: ifpdf 2018/09/07 v3.3 Provides the ifpdf switch
)
(d:/texlive/2018/texmf-dist/tex/generic/oberdiek/ifvtex.sty
Package: ifvtex 2016/05/16 v1.6 Detect VTeX and its facilities (HO)
Package ifvtex Info: VTeX not detected.
)
(d:/texlive/2018/texmf-dist/tex/generic/ifxetex/ifxetex.sty
Package: ifxetex 2010/09/12 v0.6 Provides ifxetex conditional
)
\Gm@cnth=\count91
\Gm@cntv=\count92
\c@Gm@tempcnt=\count93
\Gm@bindingoffset=\dimen104
\Gm@wd@mp=\dimen105
\Gm@odd@mp=\dimen106
\Gm@even@mp=\dimen107
\Gm@layoutwidth=\dimen108
\Gm@layoutheight=\dimen109
\Gm@layouthoffset=\dimen110
\Gm@layoutvoffset=\dimen111
\Gm@dimlist=\toks17
)
(d:/texlive/2018/texmf-dist/tex/latex/amsfonts/amssymb.sty
Package: amssymb 2013/01/14 v3.01 AMS font symbols

(d:/texlive/2018/texmf-dist/tex/latex/amsfonts/amsfonts.sty
Package: amsfonts 2013/01/14 v3.01 Basic AMSFonts support
\@emptytoks=\toks18
\symAMSa=\mathgroup4
\symAMSb=\mathgroup5
LaTeX Font Info:    Overwriting math alphabet `\mathfrak' in version `bold'
(Font)                  U/euf/m/n --> U/euf/b/n on input line 106.
))
(d:/texlive/2018/texmf-dist/tex/latex/amscls/amsthm.sty
Package: amsthm 2017/10/31 v2.20.4
\thm@style=\toks19
\thm@bodyfont=\toks20
\thm@headfont=\toks21
\thm@notefont=\toks22
\thm@headpunct=\toks23
\thm@preskip=\skip57
\thm@postskip=\skip58
\thm@headsep=\skip59
\dth@everypar=\toks24
)
(d:/texlive/2018/texmf-dist/tex/latex/graphics/graphicx.sty
Package: graphicx 2017/06/01 v1.1a Enhanced LaTeX Graphics (DPC,SPQR)

(d:/texlive/2018/texmf-dist/tex/latex/graphics/graphics.sty
Package: graphics 2017/06/25 v1.2c Standard LaTeX Graphics (DPC,SPQR)

(d:/texlive/2018/texmf-dist/tex/latex/graphics/trig.sty
Package: trig 2016/01/03 v1.10 sin cos tan (DPC)
)
(d:/texlive/2018/texmf-dist/tex/latex/graphics-cfg/graphics.cfg
File: graphics.cfg 2016/06/04 v1.11 sample graphics configuration
)
Package graphics Info: Driver file: pdftex.def on input line 99.
)
\Gin@req@height=\dimen112
\Gin@req@width=\dimen113
)
(d:/texlive/2018/texmf-dist/tex/latex/booktabs/booktabs.sty
Package: booktabs 2016/04/27 v1.618033 publication quality tables
\heavyrulewidth=\dimen114
\lightrulewidth=\dimen115
\cmidrulewidth=\dimen116
\belowrulesep=\dimen117
\belowbottomsep=\dimen118
\aboverulesep=\dimen119
\abovetopsep=\dimen120
\cmidrulesep=\dimen121
\cmidrulekern=\dimen122
\defaultaddspace=\dimen123
\@cmidla=\count94
\@cmidlb=\count95
\@aboverulesep=\dimen124
\@belowrulesep=\dimen125
\@thisruleclass=\count96
\@lastruleclass=\count97
\@thisrulewidth=\dimen126
)
(d:/texlive/2018/texmf-dist/tex/latex/float/float.sty
Package: float 2001/11/08 v1.3d Float enhancements (AL)
\c@float@type=\count98
\float@exts=\toks25
\float@box=\box28
\@float@everytoks=\toks26
\@floatcapt=\box29
)
(d:/texlive/2018/texmf-dist/tex/latex/tools/array.sty
Package: array 2018/04/30 v2.4h Tabular extension package (FMi)
\col@sep=\dimen127
\ar@mcellbox=\box30
\extrarowheight=\dimen128
\NC@list=\toks27
\extratabsurround=\skip60
\backup@length=\skip61
\ar@cellbox=\box31
)
(d:/texlive/2018/texmf-dist/tex/latex/adjustbox/adjustbox.sty
Package: adjustbox 2018/04/08 v1.1 Adjusting TeX boxes (trim, clip, ...)

(d:/texlive/2018/texmf-dist/tex/latex/xkeyval/xkeyval.sty
Package: xkeyval 2014/12/03 v2.7a package option processing (HA)

(d:/texlive/2018/texmf-dist/tex/generic/xkeyval/xkeyval.tex
(d:/texlive/2018/texmf-dist/tex/generic/xkeyval/xkvutils.tex
\XKV@toks=\toks28
\XKV@tempa@toks=\toks29
)
\XKV@depth=\count99
File: xkeyval.tex 2014/12/03 v2.7a key=value parser (HA)
))
(d:/texlive/2018/texmf-dist/tex/latex/adjustbox/adjcalc.sty
Package: adjcalc 2012/05/16 v1.1 Provides advanced setlength with multiple back
-ends (calc, etex, pgfmath)
)
(d:/texlive/2018/texmf-dist/tex/latex/adjustbox/trimclip.sty
Package: trimclip 2018/04/08 v1.1 Trim and clip general TeX material

(d:/texlive/2018/texmf-dist/tex/latex/collectbox/collectbox.sty
Package: collectbox 2012/05/17 v0.4b Collect macro arguments as boxes
\collectedbox=\box32
)
\tc@llx=\dimen129
\tc@lly=\dimen130
\tc@urx=\dimen131
\tc@ury=\dimen132
Package trimclip Info: Using driver 'tc-pdftex.def'.

(d:/texlive/2018/texmf-dist/tex/latex/adjustbox/tc-pdftex.def
File: tc-pdftex.def 2018/04/08 v2.1 Clipping driver for pdftex
))
\adjbox@Width=\dimen133
\adjbox@Height=\dimen134
\adjbox@Depth=\dimen135
\adjbox@Totalheight=\dimen136
\adjbox@pwidth=\dimen137
\adjbox@pheight=\dimen138
\adjbox@pdepth=\dimen139
\adjbox@ptotalheight=\dimen140

(d:/texlive/2018/texmf-dist/tex/latex/ifoddpage/ifoddpage.sty
Package: ifoddpage 2016/04/23 v1.1 Conditionals for odd/even page detection
\c@checkoddpage=\count100
)
(d:/texlive/2018/texmf-dist/tex/latex/varwidth/varwidth.sty
Package: varwidth 2009/03/30 ver 0.92;  Variable-width minipages
\@vwid@box=\box33
\sift@deathcycles=\count101
\@vwid@loff=\dimen141
\@vwid@roff=\dimen142
))
(d:/texlive/2018/texmf-dist/tex/latex/tools/longtable.sty
Package: longtable 2014/10/28 v4.11 Multi-page Table package (DPC)
\LTleft=\skip62
\LTright=\skip63
\LTpre=\skip64
\LTpost=\skip65
\LTchunksize=\count102
\LTcapwidth=\dimen143
\LT@head=\box34
\LT@firsthead=\box35
\LT@foot=\box36
\LT@lastfoot=\box37
\LT@cols=\count103
\LT@rows=\count104
\c@LT@tables=\count105
\c@LT@chunks=\count106
\LT@p@ftn=\toks30
)
Class scrartcl Info: longtable captions redefined on input line 15.

(d:/texlive/2018/texmf-dist/tex/latex/koma-script/scrpage2.sty
Package: scrpage2 2018/03/30 v3.25 KOMA-Script package (page head and foot)


Package scrpage2 Warning: usage of obsolete package!
(scrpage2)                Package `scrpage2' is obsolete.
(scrpage2)                You should not longer use package `scrpage2'.
(scrpage2)                You should replace usage of package `scrpage2'
(scrpage2)                by `scrlayer-scrpage' on input line 52.

LaTeX Info: Redefining \pagemark on input line 180.
) (./Doku_Release_2.aux

LaTeX Warning: Label `AmryEditor' multiply defined.

)
\openout1 = `Doku_Release_2.aux'.

LaTeX Font Info:    Checking defaults for OML/cmm/m/it on input line 36.
LaTeX Font Info:    ... okay on input line 36.
LaTeX Font Info:    Checking defaults for T1/cmr/m/n on input line 36.
LaTeX Font Info:    ... okay on input line 36.
LaTeX Font Info:    Checking defaults for OT1/cmr/m/n on input line 36.
LaTeX Font Info:    ... okay on input line 36.
LaTeX Font Info:    Checking defaults for OMS/cmsy/m/n on input line 36.
LaTeX Font Info:    ... okay on input line 36.
LaTeX Font Info:    Checking defaults for OMX/cmex/m/n on input line 36.
LaTeX Font Info:    ... okay on input line 36.
LaTeX Font Info:    Checking defaults for U/cmr/m/n on input line 36.
LaTeX Font Info:    ... okay on input line 36.
 (d:/texlive/2018/texmf-dist/tex/context/base/mkii/supp-pdf.mkii
[Loading MPS to PDF converter (version 2006.09.02).]
\scratchcounter=\count107
\scratchdimen=\dimen144
\scratchbox=\box38
\nofMPsegments=\count108
\nofMParguments=\count109
\everyMPshowfont=\toks31
\MPscratchCnt=\count110
\MPscratchDim=\dimen145
\MPnumerator=\count111
\makeMPintoPDFobject=\count112
\everyMPtoPDFconversion=\toks32
) (d:/texlive/2018/texmf-dist/tex/latex/oberdiek/epstopdf-base.sty
Package: epstopdf-base 2016/05/15 v2.6 Base part for package epstopdf

(d:/texlive/2018/texmf-dist/tex/generic/oberdiek/infwarerr.sty
Package: infwarerr 2016/05/16 v1.4 Providing info/warning/error messages (HO)
)
(d:/texlive/2018/texmf-dist/tex/latex/oberdiek/grfext.sty
Package: grfext 2016/05/16 v1.2 Manage graphics extensions (HO)

(d:/texlive/2018/texmf-dist/tex/generic/oberdiek/kvdefinekeys.sty
Package: kvdefinekeys 2016/05/16 v1.4 Define keys (HO)

(d:/texlive/2018/texmf-dist/tex/generic/oberdiek/ltxcmds.sty
Package: ltxcmds 2016/05/16 v1.23 LaTeX kernel commands for general use (HO)
)))
(d:/texlive/2018/texmf-dist/tex/latex/oberdiek/kvoptions.sty
Package: kvoptions 2016/05/16 v3.12 Key value format for package options (HO)

(d:/texlive/2018/texmf-dist/tex/generic/oberdiek/kvsetkeys.sty
Package: kvsetkeys 2016/05/16 v1.17 Key value parser (HO)

(d:/texlive/2018/texmf-dist/tex/generic/oberdiek/etexcmds.sty
Package: etexcmds 2016/05/16 v1.6 Avoid name clashes with e-TeX commands (HO)

(d:/texlive/2018/texmf-dist/tex/generic/oberdiek/ifluatex.sty
Package: ifluatex 2016/05/16 v1.4 Provides the ifluatex switch (HO)
Package ifluatex Info: LuaTeX not detected.
)
Package etexcmds Info: Could not find \expanded.
(etexcmds)             That can mean that you are not using pdfTeX 1.50 or
(etexcmds)             that some package has redefined \expanded.
(etexcmds)             In the latter case, load this package earlier.
)))
(d:/texlive/2018/texmf-dist/tex/generic/oberdiek/pdftexcmds.sty
Package: pdftexcmds 2018/09/10 v0.29 Utility functions of pdfTeX for LuaTeX (HO
)
Package pdftexcmds Info: LuaTeX not detected.
Package pdftexcmds Info: \pdf@primitive is available.
Package pdftexcmds Info: \pdf@ifprimitive is available.
Package pdftexcmds Info: \pdfdraftmode found.
)
Package epstopdf-base Info: Redefining graphics rule for `.eps' on input line 4
38.
Package grfext Info: Graphics extension search list:
(grfext)             [.pdf,.png,.jpg,.mps,.jpeg,.jbig2,.jb2,.PDF,.PNG,.JPG,.JPE
G,.JBIG2,.JB2,.eps]
(grfext)             \AppendGraphicsExtensions on input line 456.

(d:/texlive/2018/texmf-dist/tex/latex/latexconfig/epstopdf-sys.cfg
File: epstopdf-sys.cfg 2010/07/13 v1.3 Configuration of (r)epstopdf for TeX Liv
e
))
*geometry* driver: auto-detecting
*geometry* detected driver: pdftex
*geometry* verbose mode - [ preamble ] result:
* driver: pdftex
* paper: a4paper
* layout: <same size as paper>
* layoutoffset:(h,v)=(0.0pt,0.0pt)
* modes: 
* h-part:(L,W,R)=(71.13188pt, 469.47049pt, 56.9055pt)
* v-part:(T,H,B)=(71.13188pt, 702.78308pt, 71.13188pt)
* \paperwidth=597.50787pt
* \paperheight=845.04684pt
* \textwidth=469.47049pt
* \textheight=702.78308pt
* \oddsidemargin=-1.1381pt
* \evensidemargin=-1.1381pt
* \topmargin=-41.0131pt
* \headheight=18.125pt
* \headsep=21.75pt
* \topskip=12.0pt
* \footskip=50.75pt
* \marginparwidth=49.79233pt
* \marginparsep=12.8401pt
* \columnsep=10.0pt
* \skip\footins=10.8pt plus 4.0pt minus 2.0pt
* \hoffset=0.0pt
* \voffset=0.0pt
* \mag=1000
* \@twocolumnfalse
* \@twosidefalse
* \@mparswitchfalse
* \@reversemarginfalse
* (1in=72.27pt=25.4mm, 1cm=28.453pt)

<Logo.png, id=1, 401.5pt x 229.85875pt>
File: Logo.png Graphic file (type png)
<use Logo.png>
Package pdftex.def Info: Logo.png  used on input line 54.
(pdftex.def)             Requested size: 469.47049pt x 268.78983pt.
[1

{d:/texlive/2018/texmf-var/fonts/map/pdftex/updmap/pdftex.map} <./Logo.png>]
[2] (./Doku_Release_2.toc
LaTeX Font Info:    Try loading font information for U+msa on input line 5.

(d:/texlive/2018/texmf-dist/tex/latex/amsfonts/umsa.fd
File: umsa.fd 2013/01/14 v3.01 AMS symbols A
)
LaTeX Font Info:    Try loading font information for U+msb on input line 5.

(d:/texlive/2018/texmf-dist/tex/latex/amsfonts/umsb.fd
File: umsb.fd 2013/01/14 v3.01 AMS symbols B
)
File: Logo.png Graphic file (type png)
<use Logo.png>
Package pdftex.def Info: Logo.png  used on input line 165.
(pdftex.def)             Requested size: 56.33415pt x 32.25014pt.

Overfull \vbox (18.47517pt too high) has occurred while \output is active []


[1])
\tf@toc=\write3
\openout3 = `Doku_Release_2.toc'.

File: Logo.png Graphic file (type png)
<use Logo.png>
Package pdftex.def Info: Logo.png  used on input line 69.
(pdftex.def)             Requested size: 56.33415pt x 32.25014pt.

Overfull \vbox (18.47517pt too high) has occurred while \output is active []


[2]
LaTeX Font Info:    Try loading font information for OMS+cmr on input line 80.
 (d:/texlive/2018/texmf-dist/tex/latex/base/omscmr.fd
File: omscmr.fd 2014/09/29 v2.5h Standard LaTeX font definitions
)
LaTeX Font Info:    Font shape `OMS/cmr/m/n' in size <12> not available
(Font)              Font shape `OMS/cmsy/m/n' tried instead on input line 80.
<georg_avatar.png, id=25, 90.3375pt x 90.3375pt>
File: georg_avatar.png Graphic file (type png)
<use georg_avatar.png>
Package pdftex.def Info: georg_avatar.png  used on input line 85.
(pdftex.def)             Requested size: 23.47495pt x 23.47478pt.
<juri_avatar.png, id=26, 90.3375pt x 90.3375pt>
File: juri_avatar.png Graphic file (type png)
<use juri_avatar.png>
Package pdftex.def Info: juri_avatar.png  used on input line 86.
(pdftex.def)             Requested size: 23.47495pt x 23.47478pt.
<omar_avatar.png, id=27, 90.3375pt x 90.3375pt>
File: omar_avatar.png Graphic file (type png)
<use omar_avatar.png>
Package pdftex.def Info: omar_avatar.png  used on input line 89.
(pdftex.def)             Requested size: 23.47495pt x 23.47478pt.
<tobias_avatar.png, id=28, 18.0675pt x 18.0675pt>
File: tobias_avatar.png Graphic file (type png)
<use tobias_avatar.png>
Package pdftex.def Info: tobias_avatar.png  used on input line 90.
(pdftex.def)             Requested size: 23.47495pt x 23.47615pt.
<jan_avatar.png, id=29, 90.3375pt x 90.3375pt>
File: jan_avatar.png Graphic file (type png)
<use jan_avatar.png>
Package pdftex.def Info: jan_avatar.png  used on input line 91.
(pdftex.def)             Requested size: 23.47495pt x 23.47478pt.
<keanu_avatar.png, id=30, 90.3375pt x 90.3375pt>
File: keanu_avatar.png Graphic file (type png)
<use keanu_avatar.png>
Package pdftex.def Info: keanu_avatar.png  used on input line 92.
(pdftex.def)             Requested size: 23.47495pt x 23.47478pt.
File: Logo.png Graphic file (type png)
<use Logo.png>
Package pdftex.def Info: Logo.png  used on input line 102.
(pdftex.def)             Requested size: 56.33415pt x 32.25014pt.

Overfull \vbox (18.47517pt too high) has occurred while \output is active []


[1 <./georg_avatar.png> <./juri_avatar.png> <./omar_avatar.png> <./tobias_avata
r.png> <./jan_avatar.png> <./keanu_avatar.png>]
<Login_Release_One.PNG, id=41, 446.79422pt x 313.5464pt>
File: Login_Release_One.PNG Graphic file (type png)
<use Login_Release_One.PNG>
Package pdftex.def Info: Login_Release_One.PNG  used on input line 131.
(pdftex.def)             Requested size: 375.57782pt x 263.57333pt.
File: Logo.png Graphic file (type png)
<use Logo.png>
Package pdftex.def Info: Logo.png  used on input line 135.
(pdftex.def)             Requested size: 56.33415pt x 32.25014pt.

Overfull \vbox (18.47517pt too high) has occurred while \output is active []


[2]
<Lobby_Release_One.PNG, id=48, 447.92343pt x 314.29922pt>
File: Lobby_Release_One.PNG Graphic file (type png)
<use Lobby_Release_One.PNG>
Package pdftex.def Info: Lobby_Release_One.PNG  used on input line 139.
(pdftex.def)             Requested size: 375.57782pt x 263.54434pt.
<CreateGame_Release_One.PNG, id=49, 447.54703pt x 314.29922pt>
File: CreateGame_Release_One.PNG Graphic file (type png)
<use CreateGame_Release_One.PNG>
Package pdftex.def Info: CreateGame_Release_One.PNG  used on input line 147.
(pdftex.def)             Requested size: 375.57782pt x 263.76495pt.
File: Logo.png Graphic file (type png)
<use Logo.png>
Package pdftex.def Info: Logo.png  used on input line 150.
(pdftex.def)             Requested size: 56.33415pt x 32.25014pt.

Overfull \vbox (18.47517pt too high) has occurred while \output is active []


[3 <./Login_Release_One.PNG> <./Lobby_Release_One.PNG>]
<WaitingRoom_Release_One.PNG, id=56, 447.54703pt x 314.67563pt>
File: WaitingRoom_Release_One.PNG Graphic file (type png)
<use WaitingRoom_Release_One.PNG>
Package pdftex.def Info: WaitingRoom_Release_One.PNG  used on input line 155.
(pdftex.def)             Requested size: 375.57782pt x 264.08084pt.
File: Logo.png Graphic file (type png)
<use Logo.png>
Package pdftex.def Info: Logo.png  used on input line 159.
(pdftex.def)             Requested size: 56.33415pt x 32.25014pt.

Overfull \vbox (18.47517pt too high) has occurred while \output is active []


[4 <./CreateGame_Release_One.PNG>]
<Internationalisierung_Release_One.PNG, id=61, 37.26422pt x 21.07875pt>
File: Internationalisierung_Release_One.PNG Graphic file (type png)
<use Internationalisierung_Release_One.PNG>
Package pdftex.def Info: Internationalisierung_Release_One.PNG  used on input l
ine 172.
(pdftex.def)             Requested size: 93.89265pt x 53.11963pt.
<Musik_Release_One.PNG, id=62, 19.19672pt x 20.70235pt>
File: Musik_Release_One.PNG Graphic file (type png)
<use Musik_Release_One.PNG>
Package pdftex.def Info: Musik_Release_One.PNG  used on input line 178.
(pdftex.def)             Requested size: 46.9499pt x 50.63551pt.
File: Logo.png Graphic file (type png)
<use Logo.png>
Package pdftex.def Info: Logo.png  used on input line 182.
(pdftex.def)             Requested size: 56.33415pt x 32.25014pt.

Overfull \vbox (18.47517pt too high) has occurred while \output is active []


[5 <./WaitingRoom_Release_One.PNG> <./Internationalisierung_Release_One.PNG>]
<ArmyBuilder_Design_One.png, id=68, 1341.01pt x 770.88pt>
File: ArmyBuilder_Design_One.png Graphic file (type png)
<use ArmyBuilder_Design_One.png>
Package pdftex.def Info: ArmyBuilder_Design_One.png  used on input line 195.
(pdftex.def)             Requested size: 375.57782pt x 215.89198pt.

Underfull \hbox (badness 10000) in paragraph at lines 192--198

 []

<ArmyBuilder_Design_Two.png, id=69, 1341.01pt x 770.88pt>
File: ArmyBuilder_Design_Two.png Graphic file (type png)
<use ArmyBuilder_Design_Two.png>
Package pdftex.def Info: ArmyBuilder_Design_Two.png  used on input line 201.
(pdftex.def)             Requested size: 375.57782pt x 215.89198pt.
File: Logo.png Graphic file (type png)
<use Logo.png>
Package pdftex.def Info: Logo.png  used on input line 204.
(pdftex.def)             Requested size: 56.33415pt x 32.25014pt.

Overfull \vbox (18.47517pt too high) has occurred while \output is active []


[6 <./Musik_Release_One.PNG>]
<InfoView.png, id=74, 1204.5pt x 903.375pt>
File: InfoView.png Graphic file (type png)
<use InfoView.png>
Package pdftex.def Info: InfoView.png  used on input line 207.
(pdftex.def)             Requested size: 234.73524pt x 176.04025pt.
File: Logo.png Graphic file (type png)
<use Logo.png>
Package pdftex.def Info: Logo.png  used on input line 211.
(pdftex.def)             Requested size: 56.33415pt x 32.25014pt.

Overfull \vbox (18.47517pt too high) has occurred while \output is active []


[7 <./ArmyBuilder_Design_One.png> <./ArmyBuilder_Design_Two.png>]
<ArmyBuilder_Save_Edit.png, id=80, 1341.01pt x 770.88pt>
File: ArmyBuilder_Save_Edit.png Graphic file (type png)
<use ArmyBuilder_Save_Edit.png>
Package pdftex.def Info: ArmyBuilder_Save_Edit.png  used on input line 215.
(pdftex.def)             Requested size: 375.57782pt x 215.89198pt.
<ArmyEditor.png, id=81, 501.875pt x 501.875pt>
File: ArmyEditor.png Graphic file (type png)
<use ArmyEditor.png>
Package pdftex.def Info: ArmyEditor.png  used on input line 221.
(pdftex.def)             Requested size: 234.73524pt x 234.74023pt.
File: Logo.png Graphic file (type png)
<use Logo.png>
Package pdftex.def Info: Logo.png  used on input line 225.
(pdftex.def)             Requested size: 56.33415pt x 32.25014pt.

Overfull \vbox (18.47517pt too high) has occurred while \output is active []


[8 <./InfoView.png> <./ArmyBuilder_Save_Edit.png>]
<Army_Builder_Add_Units.png, id=87, 1341.01pt x 770.88pt>
File: Army_Builder_Add_Units.png Graphic file (type png)
<use Army_Builder_Add_Units.png>
Package pdftex.def Info: Army_Builder_Add_Units.png  used on input line 232.
(pdftex.def)             Requested size: 234.73524pt x 134.92955pt.
<ArmyBuilder_Select_Unit.png, id=88, 1341.01pt x 770.88pt>
File: ArmyBuilder_Select_Unit.png Graphic file (type png)
<use ArmyBuilder_Select_Unit.png>
Package pdftex.def Info: ArmyBuilder_Select_Unit.png  used on input line 238.
(pdftex.def)             Requested size: 234.73524pt x 134.92955pt.
File: ArmyEditor.png Graphic file (type png)
<use ArmyEditor.png>
Package pdftex.def Info: ArmyEditor.png  used on input line 244.
(pdftex.def)             Requested size: 234.73524pt x 234.74023pt.
File: Logo.png Graphic file (type png)
<use Logo.png>
Package pdftex.def Info: Logo.png  used on input line 247.
(pdftex.def)             Requested size: 56.33415pt x 32.25014pt.

Overfull \vbox (18.47517pt too high) has occurred while \output is active []


[9 <./ArmyEditor.png> <./Army_Builder_Add_Units.png>]
<Lobby_mit_Army_Button_und_Armeeliste.png, id=95, 2682.02pt x 1531.7225pt>
File: Lobby_mit_Army_Button_und_Armeeliste.png Graphic file (type png)
<use Lobby_mit_Army_Button_und_Armeeliste.png>
Package pdftex.def Info: Lobby_mit_Army_Button_und_Armeeliste.png  used on inpu
t line 253.
(pdftex.def)             Requested size: 375.57782pt x 214.48643pt.
File: Logo.png Graphic file (type png)
<use Logo.png>
Package pdftex.def Info: Logo.png  used on input line 257.
(pdftex.def)             Requested size: 56.33415pt x 32.25014pt.

Overfull \vbox (18.47517pt too high) has occurred while \output is active []


[10 <./ArmyBuilder_Select_Unit.png>]
<Waiting_Room_Game_mit_ArmyView.png, id=100, 2682.02pt x 1541.76pt>
File: Waiting_Room_Game_mit_ArmyView.png Graphic file (type png)
<use Waiting_Room_Game_mit_ArmyView.png>
Package pdftex.def Info: Waiting_Room_Game_mit_ArmyView.png  used on input line
 278.
(pdftex.def)             Requested size: 375.57782pt x 215.89198pt.
File: Logo.png Graphic file (type png)
<use Logo.png>
Package pdftex.def Info: Logo.png  used on input line 282.
(pdftex.def)             Requested size: 56.33415pt x 32.25014pt.

Overfull \vbox (18.47517pt too high) has occurred while \output is active []


[11 <./Lobby_mit_Army_Button_und_Armeeliste.png>]
<Waiting_Room_Game_With_TTT.png, id=105, 1341.01pt x 770.88pt>
File: Waiting_Room_Game_With_TTT.png Graphic file (type png)
<use Waiting_Room_Game_With_TTT.png>
Package pdftex.def Info: Waiting_Room_Game_With_TTT.png  used on input line 288
.
(pdftex.def)             Requested size: 375.57782pt x 215.89198pt.
<Waiting_Room_Game_Mit_Map_Ready_Button.png, id=106, 1341.01pt x 770.88pt>
File: Waiting_Room_Game_Mit_Map_Ready_Button.png Graphic file (type png)
<use Waiting_Room_Game_Mit_Map_Ready_Button.png>
Package pdftex.def Info: Waiting_Room_Game_Mit_Map_Ready_Button.png  used on in
put line 298.
(pdftex.def)             Requested size: 375.57782pt x 215.89198pt.
<Waitin_Room_Game_Ohne_Map.png, id=107, 1341.01pt x 770.88pt>
File: Waitin_Room_Game_Ohne_Map.png Graphic file (type png)
<use Waitin_Room_Game_Ohne_Map.png>
Package pdftex.def Info: Waitin_Room_Game_Ohne_Map.png  used on input line 304.

(pdftex.def)             Requested size: 375.57782pt x 215.89198pt.
File: Logo.png Graphic file (type png)
<use Logo.png>
Package pdftex.def Info: Logo.png  used on input line 307.
(pdftex.def)             Requested size: 56.33415pt x 32.25014pt.

Overfull \vbox (18.47517pt too high) has occurred while \output is active []


[12 <./Waiting_Room_Game_mit_ArmyView.png> <./Waiting_Room_Game_With_TTT.png>]
<Waiting_Room_Game_Mit_Map_Not_Ready.png, id=113, 1341.01pt x 770.88pt>
File: Waiting_Room_Game_Mit_Map_Not_Ready.png Graphic file (type png)
<use Waiting_Room_Game_Mit_Map_Not_Ready.png>
Package pdftex.def Info: Waiting_Room_Game_Mit_Map_Not_Ready.png  used on input
 line 310.
(pdftex.def)             Requested size: 375.57782pt x 215.89198pt.
File: Logo.png Graphic file (type png)
<use Logo.png>
Package pdftex.def Info: Logo.png  used on input line 314.
(pdftex.def)             Requested size: 56.33415pt x 32.25014pt.

Overfull \vbox (18.47517pt too high) has occurred while \output is active []


[13 <./Waiting_Room_Game_Mit_Map_Ready_Button.png> <./Waitin_Room_Game_Ohne_Map
.png>]
File: Logo.png Graphic file (type png)
<use Logo.png>
Package pdftex.def Info: Logo.png  used on input line 340.
(pdftex.def)             Requested size: 56.33415pt x 32.25014pt.

Overfull \vbox (18.47517pt too high) has occurred while \output is active []


[14 <./Waiting_Room_Game_Mit_Map_Not_Ready.png>]
File: Logo.png Graphic file (type png)
<use Logo.png>
Package pdftex.def Info: Logo.png  used on input line 367.
(pdftex.def)             Requested size: 56.33415pt x 32.25014pt.

Overfull \vbox (18.47517pt too high) has occurred while \output is active []


[15]
File: Logo.png Graphic file (type png)
<use Logo.png>
Package pdftex.def Info: Logo.png  used on input line 390.
(pdftex.def)             Requested size: 56.33415pt x 32.25014pt.

Overfull \vbox (18.47517pt too high) has occurred while \output is active []


[16]
Underfull \hbox (badness 10000) in paragraph at lines 410--411

 []

File: Logo.png Graphic file (type png)
<use Logo.png>
Package pdftex.def Info: Logo.png  used on input line 412.
(pdftex.def)             Requested size: 56.33415pt x 32.25014pt.

Overfull \vbox (18.47517pt too high) has occurred while \output is active []


[17]
File: Logo.png Graphic file (type png)
<use Logo.png>
Package pdftex.def Info: Logo.png  used on input line 438.
(pdftex.def)             Requested size: 56.33415pt x 32.25014pt.

Overfull \vbox (18.47517pt too high) has occurred while \output is active []


[18]
Overfull \hbox (8.14455pt too wide) in paragraph at lines 451--452
[] \OT1/cmss/bx/n/12 Ver-lauf der Ent-wick-lung[][] \OT1/cmr/m/n/12 F[]ur die A
uf-ga-be wur-de am En-de 7,5h ben[]otigt, da es zur Sch[]atzung
 []

File: Logo.png Graphic file (type png)
<use Logo.png>
Package pdftex.def Info: Logo.png  used on input line 465.
(pdftex.def)             Requested size: 56.33415pt x 32.25014pt.

Overfull \vbox (18.47517pt too high) has occurred while \output is active []


[19]
File: Logo.png Graphic file (type png)
<use Logo.png>
Package pdftex.def Info: Logo.png  used on input line 491.
(pdftex.def)             Requested size: 56.33415pt x 32.25014pt.

Overfull \vbox (18.47517pt too high) has occurred while \output is active []


[20]
File: Logo.png Graphic file (type png)
<use Logo.png>
Package pdftex.def Info: Logo.png  used on input line 516.
(pdftex.def)             Requested size: 56.33415pt x 32.25014pt.

Overfull \vbox (18.47517pt too high) has occurred while \output is active []


[21]
File: Logo.png Graphic file (type png)
<use Logo.png>
Package pdftex.def Info: Logo.png  used on input line 525.
(pdftex.def)             Requested size: 56.33415pt x 32.25014pt.

Overfull \vbox (18.47517pt too high) has occurred while \output is active []


[22]
File: Logo.png Graphic file (type png)
<use Logo.png>
Package pdftex.def Info: Logo.png  used on input line 577.
(pdftex.def)             Requested size: 56.33415pt x 32.25014pt.

Overfull \vbox (18.47517pt too high) has occurred while \output is active []


[23]
<BurndownChart_Sprint3.PNG, id=152, 2865.95718pt x 589.4522pt>
File: BurndownChart_Sprint3.PNG Graphic file (type png)
<use BurndownChart_Sprint3.PNG>
Package pdftex.def Info: BurndownChart_Sprint3.PNG  used on input line 583.
(pdftex.def)             Requested size: 375.57782pt x 77.24309pt.
File: Logo.png Graphic file (type png)
<use Logo.png>
Package pdftex.def Info: Logo.png  used on input line 602.
(pdftex.def)             Requested size: 56.33415pt x 32.25014pt.

Overfull \vbox (18.47517pt too high) has occurred while \output is active []


[24 <./BurndownChart_Sprint3.PNG>]
<Coverage_Sprint_3.PNG, id=157, 1429.59094pt x 113.67468pt>
File: Coverage_Sprint_3.PNG Graphic file (type png)
<use Coverage_Sprint_3.PNG>
Package pdftex.def Info: Coverage_Sprint_3.PNG  used on input line 607.
(pdftex.def)             Requested size: 375.57782pt x 29.86346pt.
<Abschlossene_Vorgaenge_Sprint_3.png, id=158, 1340.75906pt x 729.47531pt>
File: Abschlossene_Vorgaenge_Sprint_3.png Graphic file (type png)
<use Abschlossene_Vorgaenge_Sprint_3.png>
Package pdftex.def Info: Abschlossene_Vorgaenge_Sprint_3.png  used on input lin
e 614.
(pdftex.def)             Requested size: 375.57782pt x 204.34073pt.
<Nicht_Abgeschlossene_Vorgaenge_Sprint_3.PNG, id=159, 1343.0175pt x 298.86656pt
>
File: Nicht_Abgeschlossene_Vorgaenge_Sprint_3.PNG Graphic file (type png)
<use Nicht_Abgeschlossene_Vorgaenge_Sprint_3.PNG>
Package pdftex.def Info: Nicht_Abgeschlossene_Vorgaenge_Sprint_3.PNG  used on i
nput line 633.
(pdftex.def)             Requested size: 375.57782pt x 83.57716pt.
File: Logo.png Graphic file (type png)
<use Logo.png>
Package pdftex.def Info: Logo.png  used on input line 637.
(pdftex.def)             Requested size: 56.33415pt x 32.25014pt.

Overfull \vbox (18.47517pt too high) has occurred while \output is active []


[25 <./Coverage_Sprint_3.PNG> <./Abschlossene_Vorgaenge_Sprint_3.png>]
<Aus_dem_Sprint_Entfernte_Vorgaenge_Sprint_3.PNG, id=165, 1334.73656pt x 252.19
218pt>
File: Aus_dem_Sprint_Entfernte_Vorgaenge_Sprint_3.PNG Graphic file (type png)
<use Aus_dem_Sprint_Entfernte_Vorgaenge_Sprint_3.PNG>
Package pdftex.def Info: Aus_dem_Sprint_Entfernte_Vorgaenge_Sprint_3.PNG  used 
on input line 649.
(pdftex.def)             Requested size: 375.57782pt x 70.9635pt.
File: Logo.png Graphic file (type png)
<use Logo.png>
Package pdftex.def Info: Logo.png  used on input line 658.
(pdftex.def)             Requested size: 56.33415pt x 32.25014pt.

Overfull \vbox (18.47517pt too high) has occurred while \output is active []


[26 <./Nicht_Abgeschlossene_Vorgaenge_Sprint_3.PNG> <./Aus_dem_Sprint_Entfernte
_Vorgaenge_Sprint_3.PNG>]
File: Logo.png Graphic file (type png)
<use Logo.png>
Package pdftex.def Info: Logo.png  used on input line 681.
(pdftex.def)             Requested size: 56.33415pt x 32.25014pt.

Overfull \vbox (18.47517pt too high) has occurred while \output is active []


[27]
Overfull \hbox (6.85597pt too wide) in paragraph at lines 699--700
\OT1/cmr/m/n/12 3h wur-de auf der Grund-la-ge ge-trof-fen, das nicht klar was m
an al-les beim []Aufr[]aumen\beachten
 []

File: Logo.png Graphic file (type png)
<use Logo.png>
Package pdftex.def Info: Logo.png  used on input line 704.
(pdftex.def)             Requested size: 56.33415pt x 32.25014pt.

Overfull \vbox (18.47517pt too high) has occurred while \output is active []


[28]
File: Logo.png Graphic file (type png)
<use Logo.png>
Package pdftex.def Info: Logo.png  used on input line 721.
(pdftex.def)             Requested size: 56.33415pt x 32.25014pt.

Overfull \vbox (18.47517pt too high) has occurred while \output is active []


[29] (./Doku_Release_2.lof)
\tf@lof=\write4
\openout4 = `Doku_Release_2.lof'.

 (./Doku_Release_2.lot)
\tf@lot=\write5
\openout5 = `Doku_Release_2.lot'.

File: Logo.png Graphic file (type png)
<use Logo.png>
Package pdftex.def Info: Logo.png  used on input line 726.
(pdftex.def)             Requested size: 56.33415pt x 32.25014pt.

Overfull \vbox (18.47517pt too high) has occurred while \output is active []


[1] (./Doku_Release_2.aux)

LaTeX Warning: There were multiply-defined labels.

 ) 
Here is how much of TeX's memory you used:
 6733 strings out of 492639
 112127 string characters out of 6133087
 302935 words of memory out of 5000000
 10450 multiletter control sequences out of 15000+600000
 14285 words of font info for 54 fonts, out of 8000000 for 9000
 1141 hyphenation exceptions out of 8191
 51i,15n,54p,9093b,498s stack positions out of 5000i,500n,10000p,200000b,80000s
<d:/texlive/2018/texmf-dist/fonts/type1/public/amsfonts/cm/cmbx12.pfb><d:/tex
live/2018/texmf-dist/fonts/type1/public/amsfonts/cm/cmcsc10.pfb><d:/texlive/201
8/texmf-dist/fonts/type1/public/amsfonts/cm/cmr10.pfb><d:/texlive/2018/texmf-di
st/fonts/type1/public/amsfonts/cm/cmr12.pfb><d:/texlive/2018/texmf-dist/fonts/t
ype1/public/amsfonts/cm/cmr17.pfb><d:/texlive/2018/texmf-dist/fonts/type1/publi
c/amsfonts/cm/cmr7.pfb><d:/texlive/2018/texmf-dist/fonts/type1/public/amsfonts/
cm/cmr8.pfb><d:/texlive/2018/texmf-dist/fonts/type1/public/amsfonts/cm/cmsl12.p
fb><d:/texlive/2018/texmf-dist/fonts/type1/public/amsfonts/cm/cmssbx10.pfb><d:/
texlive/2018/texmf-dist/fonts/type1/public/amsfonts/cm/cmsy10.pfb><d:/texlive/2
018/texmf-dist/fonts/type1/public/amsfonts/cm/cmti12.pfb>
Output written on Doku_Release_2.pdf (34 pages, 6194496 bytes).
PDF statistics:
 221 PDF objects out of 1000 (max. 8388607)
 110 compressed objects within 2 object streams
 0 named destinations out of 1000 (max. 500000)
 156 words of extra memory for PDF output out of 10000 (max. 10000000)

