This is pdfTeX, Version 3.14159265-2.6-1.40.20 (TeX Live 2019) (preloaded format=pdflatex 2019.7.18)  8 AUG 2019 06:01
entering extended mode
 restricted \write18 enabled.
 %&-line parsing enabled.
**main.tex
(./main.tex
LaTeX2e <2018-12-01>
(/usr/local/texlive/2019/texmf-dist/tex/latex/koma-script/scrartcl.cls
Document Class: scrartcl 2019/02/01 v3.26b KOMA-Script document class (article)

(/usr/local/texlive/2019/texmf-dist/tex/latex/koma-script/scrkbase.sty
Package: scrkbase 2019/02/01 v3.26b KOMA-Script package (KOMA-Script-dependent 
basics and keyval usage)

(/usr/local/texlive/2019/texmf-dist/tex/latex/koma-script/scrbase.sty
Package: scrbase 2019/02/01 v3.26b KOMA-Script package (KOMA-Script-independent
 basics and keyval usage)

(/usr/local/texlive/2019/texmf-dist/tex/latex/graphics/keyval.sty
Package: keyval 2014/10/28 v1.15 key=value parser (DPC)
\KV@toks@=\toks14
)
(/usr/local/texlive/2019/texmf-dist/tex/latex/koma-script/scrlfile.sty
Package: scrlfile 2019/02/01 v3.26b KOMA-Script package (loading files)
)))
(/usr/local/texlive/2019/texmf-dist/tex/latex/koma-script/tocbasic.sty
Package: tocbasic 2019/02/01 v3.26b KOMA-Script package (handling toc-files)
\scr@dte@tocline@numberwidth=\skip41
\scr@dte@tocline@numbox=\box27
)
Package tocbasic Info: omitting babel extension for `toc'
(tocbasic)             because of feature `nobabel' available
(tocbasic)             for `toc' on input line 134.
Package scrartcl Info: You've used standard option `12pt'.
(scrartcl)             This is correct!
(scrartcl)             Internally I'm using `fontsize=12pt'.
(scrartcl)             If you'd like to set the option with \KOMAoptions,
(scrartcl)             you'd have to use `fontsize=12pt' there
(scrartcl)             instead of `12pt', too.
Class scrartcl Info: File `scrsize12pt.clo' used to setup font sizes on input l
ine 2162.

(/usr/local/texlive/2019/texmf-dist/tex/latex/koma-script/scrsize12pt.clo
File: scrsize12pt.clo 2019/02/01 v3.26b KOMA-Script font size class option (12p
t)
)
(/usr/local/texlive/2019/texmf-dist/tex/latex/koma-script/typearea.sty
Package: typearea 2019/02/01 v3.26b KOMA-Script package (type area)
\ta@bcor=\skip42
\ta@div=\count80
\ta@hblk=\skip43
\ta@vblk=\skip44
\ta@temp=\skip45
\footheight=\skip46
Package typearea Info: These are the values describing the layout:
(typearea)             DIV  = 12
(typearea)             BCOR = 0.0pt
(typearea)             \paperwidth      = 597.50793pt
(typearea)              \textwidth      = 448.13095pt
(typearea)              DIV departure   = -6%
(typearea)              \evensidemargin = 2.4185pt
(typearea)              \oddsidemargin  = 2.4185pt
(typearea)             \paperheight     = 845.04694pt
(typearea)              \textheight     = 635.5pt
(typearea)              \topmargin      = -41.72441pt
(typearea)              \headheight     = 18.125pt
(typearea)              \headsep        = 21.75pt
(typearea)              \topskip        = 12.0pt
(typearea)              \footskip       = 50.75pt
(typearea)              \baselineskip   = 14.5pt
(typearea)              on input line 1715.
)
\c@part=\count81
\c@section=\count82
\c@subsection=\count83
\c@subsubsection=\count84
\c@paragraph=\count85
\c@subparagraph=\count86
\scr@dte@section@maxnumwidth=\skip47
Class scrartcl Info: using compatibility default `runin=bysign'
(scrartcl)           for `\section on input line 4489.
Class scrartcl Info: using compatibility default `afterindent=bysign'
(scrartcl)           for `\section on input line 4489.
\scr@dte@part@maxnumwidth=\skip48
Class scrartcl Info: using compatibility default `afterindent=false'
(scrartcl)           for `\part on input line 4497.
\scr@dte@subsection@maxnumwidth=\skip49
Class scrartcl Info: using compatibility default `runin=bysign'
(scrartcl)           for `\subsection on input line 4507.
Class scrartcl Info: using compatibility default `afterindent=bysign'
(scrartcl)           for `\subsection on input line 4507.
\scr@dte@subsubsection@maxnumwidth=\skip50
Class scrartcl Info: using compatibility default `runin=bysign'
(scrartcl)           for `\subsubsection on input line 4517.
Class scrartcl Info: using compatibility default `afterindent=bysign'
(scrartcl)           for `\subsubsection on input line 4517.
\scr@dte@paragraph@maxnumwidth=\skip51
Class scrartcl Info: using compatibility default `runin=bysign'
(scrartcl)           for `\paragraph on input line 4527.
Class scrartcl Info: using compatibility default `afterindent=bysign'
(scrartcl)           for `\paragraph on input line 4527.
\scr@dte@subparagraph@maxnumwidth=\skip52
Class scrartcl Info: using compatibility default `runin=bysign'
(scrartcl)           for `\subparagraph on input line 4537.
Class scrartcl Info: using compatibility default `afterindent=bysign'
(scrartcl)           for `\subparagraph on input line 4537.
\abovecaptionskip=\skip53
\belowcaptionskip=\skip54
\c@pti@nb@sid@b@x=\box28
Package tocbasic Info: omitting babel extension for `lof'
(tocbasic)             because of feature `nobabel' available
(tocbasic)             for `lof' on input line 5781.
\scr@dte@figure@maxnumwidth=\skip55
\c@figure=\count87
Package tocbasic Info: omitting babel extension for `lot'
(tocbasic)             because of feature `nobabel' available
(tocbasic)             for `lot' on input line 5793.
\scr@dte@table@maxnumwidth=\skip56
\c@table=\count88
Class scrartcl Info: Redefining `\numberline' on input line 5957.
\bibindent=\dimen102
)
(/usr/local/texlive/2019/texmf-dist/tex/generic/babel/babel.sty
Package: babel 2019/05/04 3.31 The Babel package

(/usr/local/texlive/2019/texmf-dist/tex/generic/babel/switch.def
File: switch.def 2019/05/04 3.31 Babel switching mechanism
)
(/usr/local/texlive/2019/texmf-dist/tex/generic/babel-german/ngerman.ldf
Language: ngerman 2018/12/08 v2.11 German support for babel (post-1996 orthogra
phy)

(/usr/local/texlive/2019/texmf-dist/tex/generic/babel-german/ngermanb.ldf
Language: ngermanb 2018/12/08 v2.11 German support for babel (post-1996 orthogr
aphy)

(/usr/local/texlive/2019/texmf-dist/tex/generic/babel/babel.def
File: babel.def 2019/05/04 3.31 Babel common definitions
\babel@savecnt=\count89
\U@D=\dimen103

(/usr/local/texlive/2019/texmf-dist/tex/generic/babel/txtbabel.def)
\bbl@dirlevel=\count90
)
Package babel Info: Making " an active character on input line 121.
)))
(/usr/local/texlive/2019/texmf-dist/tex/latex/base/inputenc.sty
Package: inputenc 2018/08/11 v1.3c Input encoding file
\inpenc@prehook=\toks15
\inpenc@posthook=\toks16

(/usr/local/texlive/2019/texmf-dist/tex/latex/base/ansinew.def
File: ansinew.def 2018/08/11 v1.3c Input encoding file
))
(/usr/local/texlive/2019/texmf-dist/tex/latex/graphics/color.sty
Package: color 2016/07/10 v1.1e Standard LaTeX Color (DPC)

(/usr/local/texlive/2019/texmf-dist/tex/latex/graphics-cfg/color.cfg
File: color.cfg 2016/01/02 v1.6 sample color configuration
)
Package color Info: Driver file: pdftex.def on input line 147.

(/usr/local/texlive/2019/texmf-dist/tex/latex/graphics-def/pdftex.def
File: pdftex.def 2018/01/08 v1.0l Graphics/color driver for pdftex
))
(/usr/local/texlive/2019/texmf-dist/tex/latex/geometry/geometry.sty
Package: geometry 2018/04/16 v5.8 Page Geometry

(/usr/local/texlive/2019/texmf-dist/tex/generic/oberdiek/ifpdf.sty
Package: ifpdf 2018/09/07 v3.3 Provides the ifpdf switch
)
(/usr/local/texlive/2019/texmf-dist/tex/generic/oberdiek/ifvtex.sty
Package: ifvtex 2016/05/16 v1.6 Detect VTeX and its facilities (HO)
Package ifvtex Info: VTeX not detected.
)
(/usr/local/texlive/2019/texmf-dist/tex/generic/ifxetex/ifxetex.sty
Package: ifxetex 2010/09/12 v0.6 Provides ifxetex conditional
)
\Gm@cnth=\count91
\Gm@cntv=\count92
\c@Gm@tempcnt=\count93
\Gm@bindingoffset=\dimen104
\Gm@wd@mp=\dimen105
\Gm@odd@mp=\dimen106
\Gm@even@mp=\dimen107
\Gm@layoutwidth=\dimen108
\Gm@layoutheight=\dimen109
\Gm@layouthoffset=\dimen110
\Gm@layoutvoffset=\dimen111
\Gm@dimlist=\toks17
)
(/usr/local/texlive/2019/texmf-dist/tex/latex/amsfonts/amssymb.sty
Package: amssymb 2013/01/14 v3.01 AMS font symbols

(/usr/local/texlive/2019/texmf-dist/tex/latex/amsfonts/amsfonts.sty
Package: amsfonts 2013/01/14 v3.01 Basic AMSFonts support
\@emptytoks=\toks18
\symAMSa=\mathgroup4
\symAMSb=\mathgroup5
LaTeX Font Info:    Overwriting math alphabet `\mathfrak' in version `bold'
(Font)                  U/euf/m/n --> U/euf/b/n on input line 106.
))
(/usr/local/texlive/2019/texmf-dist/tex/latex/amscls/amsthm.sty
Package: amsthm 2017/10/31 v2.20.4
\thm@style=\toks19
\thm@bodyfont=\toks20
\thm@headfont=\toks21
\thm@notefont=\toks22
\thm@headpunct=\toks23
\thm@preskip=\skip57
\thm@postskip=\skip58
\thm@headsep=\skip59
\dth@everypar=\toks24
)
(/usr/local/texlive/2019/texmf-dist/tex/latex/graphics/graphicx.sty
Package: graphicx 2017/06/01 v1.1a Enhanced LaTeX Graphics (DPC,SPQR)

(/usr/local/texlive/2019/texmf-dist/tex/latex/graphics/graphics.sty
Package: graphics 2017/06/25 v1.2c Standard LaTeX Graphics (DPC,SPQR)

(/usr/local/texlive/2019/texmf-dist/tex/latex/graphics/trig.sty
Package: trig 2016/01/03 v1.10 sin cos tan (DPC)
)
(/usr/local/texlive/2019/texmf-dist/tex/latex/graphics-cfg/graphics.cfg
File: graphics.cfg 2016/06/04 v1.11 sample graphics configuration
)
Package graphics Info: Driver file: pdftex.def on input line 99.
)
\Gin@req@height=\dimen112
\Gin@req@width=\dimen113
)
(/usr/local/texlive/2019/texmf-dist/tex/latex/caption/subcaption.sty
Package: subcaption 2018/05/01 v1.1-162 Sub-captions (AR)

(/usr/local/texlive/2019/texmf-dist/tex/latex/caption/caption.sty
Package: caption 2018/10/06 v3.3-154 Customizing captions (AR)

(/usr/local/texlive/2019/texmf-dist/tex/latex/caption/caption3.sty
Package: caption3 2018/09/12 v1.8c caption3 kernel (AR)
Package caption3 Info: TeX engine: e-TeX on input line 64.
\captionmargin=\dimen114
\captionmargin@=\dimen115
\captionwidth=\dimen116
\caption@tempdima=\dimen117
\caption@indent=\dimen118
\caption@parindent=\dimen119
\caption@hangindent=\dimen120
)
Package caption Info: KOMA-Script document class.
\c@caption@flags=\count94
\c@ContinuedFloat=\count95
)
\c@subfigure=\count96
\c@subtable=\count97
)
(/usr/local/texlive/2019/texmf-dist/tex/latex/booktabs/booktabs.sty
Package: booktabs 2016/04/27 v1.618033 publication quality tables
\heavyrulewidth=\dimen121
\lightrulewidth=\dimen122
\cmidrulewidth=\dimen123
\belowrulesep=\dimen124
\belowbottomsep=\dimen125
\aboverulesep=\dimen126
\abovetopsep=\dimen127
\cmidrulesep=\dimen128
\cmidrulekern=\dimen129
\defaultaddspace=\dimen130
\@cmidla=\count98
\@cmidlb=\count99
\@aboverulesep=\dimen131
\@belowrulesep=\dimen132
\@thisruleclass=\count100
\@lastruleclass=\count101
\@thisrulewidth=\dimen133
)
(/usr/local/texlive/2019/texmf-dist/tex/latex/float/float.sty
Package: float 2001/11/08 v1.3d Float enhancements (AL)
\c@float@type=\count102
\float@exts=\toks25
\float@box=\box29
\@float@everytoks=\toks26
\@floatcapt=\box30
)
(/usr/local/texlive/2019/texmf-dist/tex/latex/tools/array.sty
Package: array 2018/12/30 v2.4k Tabular extension package (FMi)
\col@sep=\dimen134
\ar@mcellbox=\box31
\extrarowheight=\dimen135
\NC@list=\toks27
\extratabsurround=\skip60
\backup@length=\skip61
\ar@cellbox=\box32
)
(/usr/local/texlive/2019/texmf-dist/tex/latex/adjustbox/adjustbox.sty
Package: adjustbox 2019/01/04 v1.2 Adjusting TeX boxes (trim, clip, ...)

(/usr/local/texlive/2019/texmf-dist/tex/latex/xkeyval/xkeyval.sty
Package: xkeyval 2014/12/03 v2.7a package option processing (HA)

(/usr/local/texlive/2019/texmf-dist/tex/generic/xkeyval/xkeyval.tex
(/usr/local/texlive/2019/texmf-dist/tex/generic/xkeyval/xkvutils.tex
\XKV@toks=\toks28
\XKV@tempa@toks=\toks29
)
\XKV@depth=\count103
File: xkeyval.tex 2014/12/03 v2.7a key=value parser (HA)
))
(/usr/local/texlive/2019/texmf-dist/tex/latex/adjustbox/adjcalc.sty
Package: adjcalc 2012/05/16 v1.1 Provides advanced setlength with multiple back
-ends (calc, etex, pgfmath)
)
(/usr/local/texlive/2019/texmf-dist/tex/latex/adjustbox/trimclip.sty
Package: trimclip 2018/04/08 v1.1 Trim and clip general TeX material

(/usr/local/texlive/2019/texmf-dist/tex/latex/collectbox/collectbox.sty
Package: collectbox 2012/05/17 v0.4b Collect macro arguments as boxes
\collectedbox=\box33
)
\tc@llx=\dimen136
\tc@lly=\dimen137
\tc@urx=\dimen138
\tc@ury=\dimen139
Package trimclip Info: Using driver 'tc-pdftex.def'.

(/usr/local/texlive/2019/texmf-dist/tex/latex/adjustbox/tc-pdftex.def
File: tc-pdftex.def 2019/01/04 v2.2 Clipping driver for pdftex
))
\adjbox@Width=\dimen140
\adjbox@Height=\dimen141
\adjbox@Depth=\dimen142
\adjbox@Totalheight=\dimen143
\adjbox@pwidth=\dimen144
\adjbox@pheight=\dimen145
\adjbox@pdepth=\dimen146
\adjbox@ptotalheight=\dimen147

(/usr/local/texlive/2019/texmf-dist/tex/latex/ifoddpage/ifoddpage.sty
Package: ifoddpage 2016/04/23 v1.1 Conditionals for odd/even page detection
\c@checkoddpage=\count104
)
(/usr/local/texlive/2019/texmf-dist/tex/latex/varwidth/varwidth.sty
Package: varwidth 2009/03/30 ver 0.92;  Variable-width minipages
\@vwid@box=\box34
\sift@deathcycles=\count105
\@vwid@loff=\dimen148
\@vwid@roff=\dimen149
))
(/usr/local/texlive/2019/texmf-dist/tex/latex/tools/longtable.sty
Package: longtable 2014/10/28 v4.11 Multi-page Table package (DPC)+ FMi change
\LTleft=\skip62
\LTright=\skip63
\LTpre=\skip64
\LTpost=\skip65
\LTchunksize=\count106
\LTcapwidth=\dimen150
\LT@head=\box35
\LT@firsthead=\box36
\LT@foot=\box37
\LT@lastfoot=\box38
\LT@cols=\count107
\LT@rows=\count108
\c@LT@tables=\count109
\c@LT@chunks=\count110
\LT@p@ftn=\toks30
)
Class scrartcl Info: longtable captions redefined on input line 15.

(/usr/local/texlive/2019/texmf-dist/tex/latex/psnfss/helvet.sty
Package: helvet 2005/04/12 PSNFSS-v9.2a (WaS) 
)
(/usr/local/texlive/2019/texmf-dist/tex/latex/koma-script/scrpage2.sty
Package: scrpage2 2019/02/01 v3.26b KOMA-Script package (page head and foot)


Package scrpage2 Warning: usage of obsolete package!
(scrpage2)                Package `scrpage2' is obsolete.
(scrpage2)                You should not longer use package `scrpage2'.
(scrpage2)                You should replace usage of package `scrpage2'
(scrpage2)                by `scrlayer-scrpage' on input line 52.

LaTeX Info: Redefining \pagemark on input line 180.
) (/usr/local/texlive/2019/texmf-dist/tex/latex/wrapfig/wrapfig.sty
\wrapoverhang=\dimen151
\WF@size=\dimen152
\c@WF@wrappedlines=\count111
\WF@box=\box39
\WF@everypar=\toks31
Package: wrapfig 2003/01/31  v 3.6
)

Class scrartcl Warning: Usage of package `titlesec' together
(scrartcl)              with a KOMA-Script class is not recommended.
(scrartcl)              I'd suggest to use the package only
(scrartcl)              if you really need it, because it breaks several
(scrartcl)              KOMA-Script features, i.e., option `headings' and
(scrartcl)              the extended optional argument of the section
(scrartcl)              commands.
(scrartcl)              Nevertheless, using requested
(scrartcl)              package `titlesec' on input line 20.

(/usr/local/texlive/2019/texmf-dist/tex/latex/titlesec/titlesec.sty
Package: titlesec 2016/03/21 v2.10.2 Sectioning titles
\ttl@box=\box40
\beforetitleunit=\skip66
\aftertitleunit=\skip67
\ttl@plus=\dimen153
\ttl@minus=\dimen154
\ttl@toksa=\toks32
\titlewidth=\dimen155
\titlewidthlast=\dimen156
\titlewidthfirst=\dimen157


Package titlesec Warning: Non standard sectioning command detected
(titlesec)                Using default spacing and no format.


Package titlesec Warning: Non standard sectioning command detected
(titlesec)                Using default spacing and no format.


Package titlesec Warning: Non standard sectioning command detected
(titlesec)                Using default spacing and no format.


Package titlesec Warning: Non standard sectioning command detected
(titlesec)                Using default spacing and no format.


Package titlesec Warning: Non standard sectioning command detected
(titlesec)                Using default spacing and no format.

)

Class scrartcl Warning: Activating an ugly workaround for a missing
(scrartcl)              feature of package `titlesec` on input line 20.

(/usr/local/texlive/2019/texmf-dist/tex/latex/hyperref/hyperref.sty
Package: hyperref 2018/11/30 v6.88e Hypertext links for LaTeX

(/usr/local/texlive/2019/texmf-dist/tex/generic/oberdiek/hobsub-hyperref.sty
Package: hobsub-hyperref 2016/05/16 v1.14 Bundle oberdiek, subset hyperref (HO)


(/usr/local/texlive/2019/texmf-dist/tex/generic/oberdiek/hobsub-generic.sty
Package: hobsub-generic 2016/05/16 v1.14 Bundle oberdiek, subset generic (HO)
Package: hobsub 2016/05/16 v1.14 Construct package bundles (HO)
Package: infwarerr 2016/05/16 v1.4 Providing info/warning/error messages (HO)
Package: ltxcmds 2016/05/16 v1.23 LaTeX kernel commands for general use (HO)
Package: ifluatex 2016/05/16 v1.4 Provides the ifluatex switch (HO)
Package ifluatex Info: LuaTeX not detected.
Package hobsub Info: Skipping package `ifvtex' (already loaded).
Package: intcalc 2016/05/16 v1.2 Expandable calculations with integers (HO)
Package hobsub Info: Skipping package `ifpdf' (already loaded).
Package: etexcmds 2016/05/16 v1.6 Avoid name clashes with e-TeX commands (HO)
Package: kvsetkeys 2016/05/16 v1.17 Key value parser (HO)
Package: kvdefinekeys 2016/05/16 v1.4 Define keys (HO)
Package: pdftexcmds 2018/09/10 v0.29 Utility functions of pdfTeX for LuaTeX (HO
)
Package pdftexcmds Info: LuaTeX not detected.
Package pdftexcmds Info: \pdf@primitive is available.
Package pdftexcmds Info: \pdf@ifprimitive is available.
Package pdftexcmds Info: \pdfdraftmode found.
Package: pdfescape 2016/05/16 v1.14 Implements pdfTeX's escape features (HO)
Package: bigintcalc 2016/05/16 v1.4 Expandable calculations on big integers (HO
)
Package: bitset 2016/05/16 v1.2 Handle bit-vector datatype (HO)
Package: uniquecounter 2016/05/16 v1.3 Provide unlimited unique counter (HO)
)
Package hobsub Info: Skipping package `hobsub' (already loaded).
Package: letltxmacro 2016/05/16 v1.5 Let assignment for LaTeX macros (HO)
Package: hopatch 2016/05/16 v1.3 Wrapper for package hooks (HO)
Package: xcolor-patch 2016/05/16 xcolor patch
Package: atveryend 2016/05/16 v1.9 Hooks at the very end of document (HO)
Package atveryend Info: \enddocument detected (standard20110627).
Package: atbegshi 2016/06/09 v1.18 At begin shipout hook (HO)
Package: refcount 2016/05/16 v3.5 Data extraction from label references (HO)
Package: hycolor 2016/05/16 v1.8 Color options for hyperref/bookmark (HO)
)
(/usr/local/texlive/2019/texmf-dist/tex/latex/oberdiek/auxhook.sty
Package: auxhook 2016/05/16 v1.4 Hooks for auxiliary files (HO)
)
(/usr/local/texlive/2019/texmf-dist/tex/latex/oberdiek/kvoptions.sty
Package: kvoptions 2016/05/16 v3.12 Key value format for package options (HO)
)
\@linkdim=\dimen158
\Hy@linkcounter=\count112
\Hy@pagecounter=\count113

(/usr/local/texlive/2019/texmf-dist/tex/latex/hyperref/pd1enc.def
File: pd1enc.def 2018/11/30 v6.88e Hyperref: PDFDocEncoding definition (HO)
Now handling font encoding PD1 ...
... no UTF-8 mapping file for font encoding PD1
)
\Hy@SavedSpaceFactor=\count114

(/usr/local/texlive/2019/texmf-dist/tex/latex/latexconfig/hyperref.cfg
File: hyperref.cfg 2002/06/06 v1.2 hyperref configuration of TeXLive
)
Package hyperref Info: Hyper figures OFF on input line 4519.
Package hyperref Info: Link nesting OFF on input line 4524.
Package hyperref Info: Hyper index ON on input line 4527.
Package hyperref Info: Plain pages OFF on input line 4534.
Package hyperref Info: Backreferencing OFF on input line 4539.
Package hyperref Info: Implicit mode ON; LaTeX internals redefined.
Package hyperref Info: Bookmarks ON on input line 4772.
\c@Hy@tempcnt=\count115

(/usr/local/texlive/2019/texmf-dist/tex/latex/url/url.sty
\Urlmuskip=\muskip10
Package: url 2013/09/16  ver 3.4  Verb mode for urls, etc.
)
LaTeX Info: Redefining \url on input line 5125.
\XeTeXLinkMargin=\dimen159
\Fld@menulength=\count116
\Field@Width=\dimen160
\Fld@charsize=\dimen161
Package hyperref Info: Hyper figures OFF on input line 6380.
Package hyperref Info: Link nesting OFF on input line 6385.
Package hyperref Info: Hyper index ON on input line 6388.
Package hyperref Info: backreferencing OFF on input line 6395.
Package hyperref Info: Link coloring OFF on input line 6400.
Package hyperref Info: Link coloring with OCG OFF on input line 6405.
Package hyperref Info: PDF/A mode OFF on input line 6410.
LaTeX Info: Redefining \ref on input line 6450.
LaTeX Info: Redefining \pageref on input line 6454.
\Hy@abspage=\count117
\c@Item=\count118
\c@Hfootnote=\count119
)
Package hyperref Info: Driver (autodetected): hpdftex.

(/usr/local/texlive/2019/texmf-dist/tex/latex/hyperref/hpdftex.def
File: hpdftex.def 2018/11/30 v6.88e Hyperref driver for pdfTeX
\Fld@listcount=\count120
\c@bookmark@seq@number=\count121

(/usr/local/texlive/2019/texmf-dist/tex/latex/oberdiek/rerunfilecheck.sty
Package: rerunfilecheck 2016/05/16 v1.8 Rerun checks for auxiliary files (HO)
Package uniquecounter Info: New unique counter `rerunfilecheck' on input line 2
82.
)
\Hy@SectionHShift=\skip68
)
(/usr/local/texlive/2019/texmf-dist/tex/latex/enumitem/enumitem.sty
Package: enumitem 2019/02/04 v3.8 Customized lists
\labelindent=\skip69
\enit@outerparindent=\dimen162
\enit@toks=\toks33
\enit@inbox=\box41
\enit@count@id=\count122
\enitdp@description=\count123
)
\c@subsubsubsection=\count124

(./main.aux)
\openout1 = `main.aux'.

LaTeX Font Info:    Checking defaults for OML/cmm/m/it on input line 62.
LaTeX Font Info:    ... okay on input line 62.
LaTeX Font Info:    Checking defaults for T1/cmr/m/n on input line 62.
LaTeX Font Info:    ... okay on input line 62.
LaTeX Font Info:    Checking defaults for OT1/cmr/m/n on input line 62.
LaTeX Font Info:    ... okay on input line 62.
LaTeX Font Info:    Checking defaults for OMS/cmsy/m/n on input line 62.
LaTeX Font Info:    ... okay on input line 62.
LaTeX Font Info:    Checking defaults for OMX/cmex/m/n on input line 62.
LaTeX Font Info:    ... okay on input line 62.
LaTeX Font Info:    Checking defaults for U/cmr/m/n on input line 62.
LaTeX Font Info:    ... okay on input line 62.
LaTeX Font Info:    Checking defaults for PD1/pdf/m/n on input line 62.
LaTeX Font Info:    ... okay on input line 62.
LaTeX Font Info:    Try loading font information for OT1+phv on input line 62.
 (/usr/local/texlive/2019/texmf-dist/tex/latex/psnfss/ot1phv.fd
File: ot1phv.fd 2001/06/04 scalable font definitions for OT1/phv.
)
(/usr/local/texlive/2019/texmf-dist/tex/context/base/mkii/supp-pdf.mkii
[Loading MPS to PDF converter (version 2006.09.02).]
\scratchcounter=\count125
\scratchdimen=\dimen163
\scratchbox=\box42
\nofMPsegments=\count126
\nofMParguments=\count127
\everyMPshowfont=\toks34
\MPscratchCnt=\count128
\MPscratchDim=\dimen164
\MPnumerator=\count129
\makeMPintoPDFobject=\count130
\everyMPtoPDFconversion=\toks35
) (/usr/local/texlive/2019/texmf-dist/tex/latex/oberdiek/epstopdf-base.sty
Package: epstopdf-base 2016/05/15 v2.6 Base part for package epstopdf

(/usr/local/texlive/2019/texmf-dist/tex/latex/oberdiek/grfext.sty
Package: grfext 2016/05/16 v1.2 Manage graphics extensions (HO)
)
Package epstopdf-base Info: Redefining graphics rule for `.eps' on input line 4
38.
Package grfext Info: Graphics extension search list:
(grfext)             [.pdf,.png,.jpg,.mps,.jpeg,.jbig2,.jb2,.PDF,.PNG,.JPG,.JPE
G,.JBIG2,.JB2,.eps]
(grfext)             \AppendGraphicsExtensions on input line 456.

(/usr/local/texlive/2019/texmf-dist/tex/latex/latexconfig/epstopdf-sys.cfg
File: epstopdf-sys.cfg 2010/07/13 v1.3 Configuration of (r)epstopdf for TeX Liv
e
))
*geometry* driver: auto-detecting
*geometry* detected driver: pdftex
*geometry* verbose mode - [ preamble ] result:
* driver: pdftex
* paper: a4paper
* layout: <same size as paper>
* layoutoffset:(h,v)=(0.0pt,0.0pt)
* modes: 
* h-part:(L,W,R)=(71.13188pt, 469.47049pt, 56.9055pt)
* v-part:(T,H,B)=(71.13188pt, 702.78308pt, 71.13188pt)
* \paperwidth=597.50787pt
* \paperheight=845.04684pt
* \textwidth=469.47049pt
* \textheight=702.78308pt
* \oddsidemargin=-1.1381pt
* \evensidemargin=-1.1381pt
* \topmargin=-41.0131pt
* \headheight=18.125pt
* \headsep=21.75pt
* \topskip=12.0pt
* \footskip=50.75pt
* \marginparwidth=49.79233pt
* \marginparsep=12.8401pt
* \columnsep=10.0pt
* \skip\footins=10.8pt plus 4.0pt minus 2.0pt
* \hoffset=0.0pt
* \voffset=0.0pt
* \mag=1000
* \@twocolumnfalse
* \@twosidefalse
* \@mparswitchfalse
* \@reversemarginfalse
* (1in=72.27pt=25.4mm, 1cm=28.453pt)

Package caption Info: Begin \AtBeginDocument code.
Package caption Info: float package is loaded.
Package caption Info: hyperref package is loaded.
Package caption Info: longtable package is loaded.
(/usr/local/texlive/2019/texmf-dist/tex/latex/caption/ltcaption.sty
Package: ltcaption 2018/08/26 v1.4-95 longtable captions (AR)
)
Package caption Info: wrapfig package is loaded.
Package caption Info: End \AtBeginDocument code.
\AtBeginShipoutBox=\box43
Package hyperref Info: Link coloring OFF on input line 62.

(/usr/local/texlive/2019/texmf-dist/tex/latex/hyperref/nameref.sty
Package: nameref 2016/05/21 v2.44 Cross-referencing by name of section

(/usr/local/texlive/2019/texmf-dist/tex/generic/oberdiek/gettitlestring.sty
Package: gettitlestring 2016/05/16 v1.5 Cleanup title references (HO)
)
\c@section@level=\count131
)
LaTeX Info: Redefining \ref on input line 62.
LaTeX Info: Redefining \pageref on input line 62.
LaTeX Info: Redefining \nameref on input line 62.

(./main.out) (./main.out)
\@outlinefile=\write3
\openout3 = `main.out'.

Class scrartcl Info: loading recommended package `bookmark'.
(scrartcl)           Using `bookmark' together with `hyperref' is recommended,
(scrartcl)           because of handling of possible bookmark level gaps.
(scrartcl)           You can avoid loading `bookmark' with KOMA-Script option
(scrartcl)           `bookmarkpackage=false' before \begin{document} and
(scrartcl)           you can avoid this message with `\usepackage{bookmark}'
(scrartcl)           before \begin{document} on input line 62.

(/usr/local/texlive/2019/texmf-dist/tex/latex/oberdiek/bookmark.sty
Package: bookmark 2016/05/17 v1.26 PDF bookmarks (HO)

(/usr/local/texlive/2019/texmf-dist/tex/latex/oberdiek/bkm-pdftex.def
File: bkm-pdftex.def 2016/05/17 v1.26 bookmark driver for pdfTeX (HO)
Package auxhook Info: \AddLineBeginMainAux comes a little late,
(auxhook)             because the main .aux file is already opened on input lin
e 164.
\BKM@id=\count132
))
LaTeX Font Info:    Font shape `OT1/phv/bx/n' in size <12> not available
(Font)              Font shape `OT1/phv/b/n' tried instead on input line 67.
LaTeX Font Info:    Font shape `OT1/phv/bx/n' in size <24.88> not available
(Font)              Font shape `OT1/phv/b/n' tried instead on input line 67.
LaTeX Font Info:    Font shape `OT1/phv/bx/n' in size <20.74> not available
(Font)              Font shape `OT1/phv/b/n' tried instead on input line 72.
<images/Logo.png, id=4, 401.5pt x 229.85875pt>
File: images/Logo.png Graphic file (type png)
<use images/Logo.png>
Package pdftex.def Info: images/Logo.png  used on input line 77.
(pdftex.def)             Requested size: 469.47049pt x 268.78983pt.
LaTeX Font Info:    Font shape `OT1/phv/bx/n' in size <17.28> not available
(Font)              Font shape `OT1/phv/b/n' tried instead on input line 82.

[1

{/usr/local/texlive/2019/texmf-var/fonts/map/pdftex/updmap/pdftex.map} <./image
s/Logo.png>]
LaTeX Font Info:    Try loading font information for U+msa on input line 92.
 (/usr/local/texlive/2019/texmf-dist/tex/latex/amsfonts/umsa.fd
File: umsa.fd 2013/01/14 v3.01 AMS symbols A
)
LaTeX Font Info:    Try loading font information for U+msb on input line 92.

(/usr/local/texlive/2019/texmf-dist/tex/latex/amsfonts/umsb.fd
File: umsb.fd 2013/01/14 v3.01 AMS symbols B
)
File: images/Logo.png Graphic file (type png)
<use images/Logo.png>
Package pdftex.def Info: images/Logo.png  used on input line 92.
(pdftex.def)             Requested size: 56.33415pt x 32.25014pt.

Overfull \vbox (18.47517pt too high) has occurred while \output is active []

pdfTeX warning (ext4): destination with the same identifier (name{page.1}) has 
been already used, duplicate ignored
<to be read again> 
                   \relax 
l.92     \newpage
                  [1] (./main.toc
File: images/Logo.png Graphic file (type png)
<use images/Logo.png>
Package pdftex.def Info: images/Logo.png  used on input line 112.
(pdftex.def)             Requested size: 56.33415pt x 32.25014pt.

Overfull \vbox (18.47517pt too high) has occurred while \output is active []


[2]
File: images/Logo.png Graphic file (type png)
<use images/Logo.png>
Package pdftex.def Info: images/Logo.png  used on input line 275.
(pdftex.def)             Requested size: 56.33415pt x 32.25014pt.

Overfull \vbox (18.47517pt too high) has occurred while \output is active []


[3])
\tf@toc=\write4
\openout4 = `main.toc'.

File: images/Logo.png Graphic file (type png)
<use images/Logo.png>
Package pdftex.def Info: images/Logo.png  used on input line 94.
(pdftex.def)             Requested size: 56.33415pt x 32.25014pt.

Overfull \vbox (18.47517pt too high) has occurred while \output is active []


[4]

Package hyperref Warning: Token not allowed in a PDF string (PDFDocEncoding):
(hyperref)                removing `\uppercase' on input line 95.

LaTeX Font Info:    Try loading font information for OMS+phv on input line 100.

(/usr/local/texlive/2019/texmf-dist/tex/latex/psnfss/omsphv.fd
File: omsphv.fd 
)
LaTeX Font Info:    Font shape `OMS/phv/m/n' in size <12> not available
(Font)              Font shape `OMS/cmsy/m/n' tried instead on input line 100.
<images/avatars/jan.png, id=261, 90.3375pt x 90.3375pt>
File: images/avatars/jan.png Graphic file (type png)
<use images/avatars/jan.png>
Package pdftex.def Info: images/avatars/jan.png  used on input line 100.
(pdftex.def)             Requested size: 23.47495pt x 23.47478pt.
<images/avatars/keanu.png, id=262, 90.3375pt x 90.3375pt>
File: images/avatars/keanu.png Graphic file (type png)
<use images/avatars/keanu.png>
Package pdftex.def Info: images/avatars/keanu.png  used on input line 101.
(pdftex.def)             Requested size: 23.47495pt x 23.47478pt.
<images/avatars/georg.png, id=263, 90.3375pt x 90.3375pt>
File: images/avatars/georg.png Graphic file (type png)
<use images/avatars/georg.png>
Package pdftex.def Info: images/avatars/georg.png  used on input line 104.
(pdftex.def)             Requested size: 23.47495pt x 23.47478pt.
<images/avatars/juri.png, id=264, 90.3375pt x 90.3375pt>
File: images/avatars/juri.png Graphic file (type png)
<use images/avatars/juri.png>
Package pdftex.def Info: images/avatars/juri.png  used on input line 105.
(pdftex.def)             Requested size: 23.47495pt x 23.47478pt.
<images/avatars/omar.png, id=265, 90.3375pt x 90.3375pt>
File: images/avatars/omar.png Graphic file (type png)
<use images/avatars/omar.png>
Package pdftex.def Info: images/avatars/omar.png  used on input line 106.
(pdftex.def)             Requested size: 23.47495pt x 23.47478pt.
<images/avatars/tobias.png, id=266, 18.0675pt x 18.0675pt>
File: images/avatars/tobias.png Graphic file (type png)
<use images/avatars/tobias.png>
Package pdftex.def Info: images/avatars/tobias.png  used on input line 107.
(pdftex.def)             Requested size: 23.47495pt x 23.47615pt.
LaTeX Font Info:    Font shape `OT1/phv/bx/n' in size <14.4> not available
(Font)              Font shape `OT1/phv/b/n' tried instead on input line 110.
File: images/Logo.png Graphic file (type png)
<use images/Logo.png>
Package pdftex.def Info: images/Logo.png  used on input line 142.
(pdftex.def)             Requested size: 56.33415pt x 32.25014pt.

Overfull \vbox (18.47517pt too high) has occurred while \output is active []


[5 <./images/avatars/jan.png> <./images/avatars/keanu.png> <./images/avatars/ge
org.png> <./images/avatars/juri.png> <./images/avatars/omar.png> <./images/avat
ars/tobias.png>]
<images/old_state/login/Login.png, id=287, 1003.75pt x 703.62875pt>
File: images/old_state/login/Login.png Graphic file (type png)
<use images/old_state/login/Login.png>
Package pdftex.def Info: images/old_state/login/Login.png  used on input line 1
77.
(pdftex.def)             Requested size: 375.57782pt x 263.28036pt.

Underfull \hbox (badness 10000) in paragraph at lines 174--180

 []

File: images/Logo.png Graphic file (type png)
<use images/Logo.png>
Package pdftex.def Info: images/Logo.png  used on input line 181.
(pdftex.def)             Requested size: 56.33415pt x 32.25014pt.

Overfull \vbox (18.47517pt too high) has occurred while \output is active []


[6]
<images/old_state/login/Indicator.png, id=296, 805.0075pt x 600.2425pt>
File: images/old_state/login/Indicator.png Graphic file (type png)
<use images/old_state/login/Indicator.png>
Package pdftex.def Info: images/old_state/login/Indicator.png  used on input li
ne 185.
(pdftex.def)             Requested size: 140.84258pt x 105.01653pt.
<images/old_state/login/MissingName.png, id=297, 801.99625pt x 601.24625pt>
File: images/old_state/login/MissingName.png Graphic file (type png)
<use images/old_state/login/MissingName.png>
Package pdftex.def Info: images/old_state/login/MissingName.png  used on input 
line 189.
(pdftex.def)             Requested size: 140.84258pt x 105.58664pt.
<images/old_state/login/MissingPassword.png, id=298, 806.01125pt x 592.2125pt>
File: images/old_state/login/MissingPassword.png Graphic file (type png)
<use images/old_state/login/MissingPassword.png>
Package pdftex.def Info: images/old_state/login/MissingPassword.png  used on in
put line 193.
(pdftex.def)             Requested size: 140.84258pt x 103.47607pt.
<images/old_state/login/InvalidCredentials.png, id=299, 800.9925pt x 599.23875p
t>
File: images/old_state/login/InvalidCredentials.png Graphic file (type png)
<use images/old_state/login/InvalidCredentials.png>
Package pdftex.def Info: images/old_state/login/InvalidCredentials.png  used on
 input line 197.
(pdftex.def)             Requested size: 140.84258pt x 105.3621pt.
<images/old_state/login/UnexpectedError.png, id=300, 800.9925pt x 598.235pt>
File: images/old_state/login/UnexpectedError.png Graphic file (type png)
<use images/old_state/login/UnexpectedError.png>
Package pdftex.def Info: images/old_state/login/UnexpectedError.png  used on in
put line 201.
(pdftex.def)             Requested size: 140.84258pt x 105.18562pt.

Underfull \hbox (badness 10000) in paragraph at lines 181--206

 []

<images/old_state/lobby/NoArmySelected.png, id=302, 1003.75pt x 701.62125pt>
File: images/old_state/lobby/NoArmySelected.png Graphic file (type png)
<use images/old_state/lobby/NoArmySelected.png>
Package pdftex.def Info: images/old_state/lobby/NoArmySelected.png  used on inp
ut line 211.
(pdftex.def)             Requested size: 375.57782pt x 262.52919pt.

Underfull \hbox (badness 10000) in paragraph at lines 208--214

 []

File: images/Logo.png Graphic file (type png)
<use images/Logo.png>
Package pdftex.def Info: images/Logo.png  used on input line 214.
(pdftex.def)             Requested size: 56.33415pt x 32.25014pt.

Overfull \vbox (18.47517pt too high) has occurred while \output is active []


[7 <./images/old_state/login/Login.png> <./images/old_state/login/Indicator.png
> <./images/old_state/login/MissingName.png> <./images/old_state/login/MissingP
assword.png> <./images/old_state/login/InvalidCredentials.png> <./images/old_st
ate/login/UnexpectedError.png>]
<images/old_state/lobby/CreateGame.png, id=314, 1003.75pt x 803.0pt>
File: images/old_state/lobby/CreateGame.png Graphic file (type png)
<use images/old_state/lobby/CreateGame.png>
Package pdftex.def Info: images/old_state/lobby/CreateGame.png  used on input l
ine 217.
(pdftex.def)             Requested size: 164.31754pt x 131.4478pt.
<images/old_state/lobby/ArmySelected.png, id=320, 1003.75pt x 702.625pt>
File: images/old_state/lobby/ArmySelected.png Graphic file (type png)
<use images/old_state/lobby/ArmySelected.png>
Package pdftex.def Info: images/old_state/lobby/ArmySelected.png  used on input
 line 225.
(pdftex.def)             Requested size: 375.57782pt x 262.90477pt.

Underfull \hbox (badness 10000) in paragraph at lines 222--228

 []

<images/old_state/lobby/International+Chat+GameCreated.png, id=321, 1003.75pt x
 702.625pt>
File: images/old_state/lobby/International+Chat+GameCreated.png Graphic file (t
ype png)
<use images/old_state/lobby/International+Chat+GameCreated.png>
Package pdftex.def Info: images/old_state/lobby/International+Chat+GameCreated.
png  used on input line 231.
(pdftex.def)             Requested size: 375.57782pt x 262.90477pt.
File: images/Logo.png Graphic file (type png)
<use images/Logo.png>
Package pdftex.def Info: images/Logo.png  used on input line 234.
(pdftex.def)             Requested size: 56.33415pt x 32.25014pt.

Overfull \vbox (18.47517pt too high) has occurred while \output is active []


[8 <./images/old_state/lobby/NoArmySelected.png> <./images/old_state/lobby/Crea
teGame.png>]
<images/old_state/army_manager/NoUnitSelected.png, id=334, 1003.75pt x 703.6287
5pt>
File: images/old_state/army_manager/NoUnitSelected.png Graphic file (type png)
<use images/old_state/army_manager/NoUnitSelected.png>
Package pdftex.def Info: images/old_state/army_manager/NoUnitSelected.png  used
 on input line 239.
(pdftex.def)             Requested size: 375.57782pt x 263.28036pt.

Underfull \hbox (badness 10000) in paragraph at lines 236--242

 []

File: images/Logo.png Graphic file (type png)
<use images/Logo.png>
Package pdftex.def Info: images/Logo.png  used on input line 242.
(pdftex.def)             Requested size: 56.33415pt x 32.25014pt.

Overfull \vbox (18.47517pt too high) has occurred while \output is active []


[9 <./images/old_state/lobby/ArmySelected.png> <./images/old_state/lobby/Intern
ational+Chat+GameCreated.png>]
<images/old_state/army_manager/UnitSelected.png, id=341, 1003.75pt x 704.6325pt
>
File: images/old_state/army_manager/UnitSelected.png Graphic file (type png)
<use images/old_state/army_manager/UnitSelected.png>
Package pdftex.def Info: images/old_state/army_manager/UnitSelected.png  used o
n input line 245.
(pdftex.def)             Requested size: 375.57782pt x 263.65594pt.
<images/old_state/army_manager/PropertyInfo.png, id=343, 1304.875pt x 803.0pt>
File: images/old_state/army_manager/PropertyInfo.png Graphic file (type png)
<use images/old_state/army_manager/PropertyInfo.png>
Package pdftex.def Info: images/old_state/army_manager/PropertyInfo.png  used o
n input line 254.
(pdftex.def)             Requested size: 187.78891pt x 115.55594pt.
<images/old_state/army_manager/EditArmy.png, id=344, 1003.75pt x 803.0pt>
File: images/old_state/army_manager/EditArmy.png Graphic file (type png)
<use images/old_state/army_manager/EditArmy.png>
Package pdftex.def Info: images/old_state/army_manager/EditArmy.png  used on in
put line 260.
(pdftex.def)             Requested size: 187.78891pt x 150.23131pt.

Underfull \hbox (badness 10000) in paragraph at lines 249--264

 []

File: images/Logo.png Graphic file (type png)
<use images/Logo.png>
Package pdftex.def Info: images/Logo.png  used on input line 264.
(pdftex.def)             Requested size: 56.33415pt x 32.25014pt.

Overfull \vbox (18.47517pt too high) has occurred while \output is active []


[10 <./images/old_state/army_manager/NoUnitSelected.png> <./images/old_state/ar
my_manager/UnitSelected.png>]
<images/old_state/army_manager/ArmyReadyToSave.png, id=356, 1003.75pt x 702.625
pt>
File: images/old_state/army_manager/ArmyReadyToSave.png Graphic file (type png)

<use images/old_state/army_manager/ArmyReadyToSave.png>
Package pdftex.def Info: images/old_state/army_manager/ArmyReadyToSave.png  use
d on input line 268.
(pdftex.def)             Requested size: 375.57782pt x 262.90477pt.

Underfull \hbox (badness 10000) in paragraph at lines 265--271

 []

<images/old_state/waiting_room/2Player.png, id=357, 1003.75pt x 699.61375pt>
File: images/old_state/waiting_room/2Player.png Graphic file (type png)
<use images/old_state/waiting_room/2Player.png>
Package pdftex.def Info: images/old_state/waiting_room/2Player.png  used on inp
ut line 276.
(pdftex.def)             Requested size: 375.57782pt x 261.77805pt.

Underfull \hbox (badness 10000) in paragraph at lines 273--279

 []

File: images/Logo.png Graphic file (type png)
<use images/Logo.png>
Package pdftex.def Info: images/Logo.png  used on input line 279.
(pdftex.def)             Requested size: 56.33415pt x 32.25014pt.

Overfull \vbox (18.47517pt too high) has occurred while \output is active []


[11 <./images/old_state/army_manager/PropertyInfo.png> <./images/old_state/army
_manager/EditArmy.png> <./images/old_state/army_manager/ArmyReadyToSave.png>]
<images/old_state/waiting_room/4Player.png, id=367, 1003.75pt x 702.625pt>
File: images/old_state/waiting_room/4Player.png Graphic file (type png)
<use images/old_state/waiting_room/4Player.png>
Package pdftex.def Info: images/old_state/waiting_room/4Player.png  used on inp
ut line 282.
(pdftex.def)             Requested size: 375.57782pt x 262.90477pt.
File: images/Logo.png Graphic file (type png)
<use images/Logo.png>
Package pdftex.def Info: images/Logo.png  used on input line 287.
(pdftex.def)             Requested size: 56.33415pt x 32.25014pt.

Overfull \vbox (18.47517pt too high) has occurred while \output is active []


[12 <./images/old_state/waiting_room/2Player.png> <./images/old_state/waiting_r
oom/4Player.png>]
<images/old_state/ingame/Ingame.png, id=382, 1003.75pt x 701.62125pt>
File: images/old_state/ingame/Ingame.png Graphic file (type png)
<use images/old_state/ingame/Ingame.png>
Package pdftex.def Info: images/old_state/ingame/Ingame.png  used on input line
 291.
(pdftex.def)             Requested size: 375.57782pt x 262.52919pt.

Underfull \hbox (badness 10000) in paragraph at lines 288--294

 []

<images/old_state/ingame/ZoomIn.png, id=383, 1003.75pt x 700.6175pt>
File: images/old_state/ingame/ZoomIn.png Graphic file (type png)
<use images/old_state/ingame/ZoomIn.png>
Package pdftex.def Info: images/old_state/ingame/ZoomIn.png  used on input line
 297.
(pdftex.def)             Requested size: 375.57782pt x 262.15363pt.
<images/old_state/ingame/ZoomOut.png, id=384, 1003.75pt x 702.625pt>
File: images/old_state/ingame/ZoomOut.png Graphic file (type png)
<use images/old_state/ingame/ZoomOut.png>
Package pdftex.def Info: images/old_state/ingame/ZoomOut.png  used on input lin
e 303.
(pdftex.def)             Requested size: 375.57782pt x 262.90477pt.
File: images/Logo.png Graphic file (type png)
<use images/Logo.png>
Package pdftex.def Info: images/Logo.png  used on input line 306.
(pdftex.def)             Requested size: 56.33415pt x 32.25014pt.

Overfull \vbox (18.47517pt too high) has occurred while \output is active []


[13 <./images/old_state/ingame/Ingame.png>]
File: images/Logo.png Graphic file (type png)
<use images/Logo.png>
Package pdftex.def Info: images/Logo.png  used on input line 307.
(pdftex.def)             Requested size: 56.33415pt x 32.25014pt.

Overfull \vbox (18.47517pt too high) has occurred while \output is active []


[14 <./images/old_state/ingame/ZoomIn.png> <./images/old_state/ingame/ZoomOut.p
ng>]
<images/old_state/additional/LoginFailure.png, id=400, 1003.75pt x 602.25pt>
File: images/old_state/additional/LoginFailure.png Graphic file (type png)
<use images/old_state/additional/LoginFailure.png>
Package pdftex.def Info: images/old_state/additional/LoginFailure.png  used on 
input line 311.
(pdftex.def)             Requested size: 164.31754pt x 98.58585pt.

Underfull \hbox (badness 1436) in paragraph at lines 312--312
[][][]|\OT1/phv/m/n/12 Re-lea-se II: Lo-
 []

<images/old_state/additional/WaitingRoomFailure.png, id=401, 1003.75pt x 602.25
pt>
File: images/old_state/additional/WaitingRoomFailure.png Graphic file (type png
)
<use images/old_state/additional/WaitingRoomFailure.png>
Package pdftex.def Info: images/old_state/additional/WaitingRoomFailure.png  us
ed on input line 316.
(pdftex.def)             Requested size: 164.31754pt x 98.58585pt.

Underfull \hbox (badness 10000) in paragraph at lines 317--317
[][][]|\OT1/phv/m/n/12 Re-lea-se II:
 []

<images/old_state/additional/LeaveGame.png, id=406, 1003.75pt x 602.25pt>
File: images/old_state/additional/LeaveGame.png Graphic file (type png)
<use images/old_state/additional/LeaveGame.png>
Package pdftex.def Info: images/old_state/additional/LeaveGame.png  used on inp
ut line 326.
(pdftex.def)             Requested size: 142.01639pt x 85.20581pt.
<images/old_state/additional/Logout.png, id=407, 1003.75pt x 602.25pt>
File: images/old_state/additional/Logout.png Graphic file (type png)
<use images/old_state/additional/Logout.png>
Package pdftex.def Info: images/old_state/additional/Logout.png  used on input 
line 332.
(pdftex.def)             Requested size: 142.01639pt x 85.20581pt.

Overfull \hbox (46.94989pt too wide) in paragraph at lines 324--336
 []$[]$$[]$ 
 []


Underfull \hbox (badness 10000) in paragraph at lines 321--336

 []

<images/old_state/Coverage.png, id=408, 772.8875pt x 54.70438pt>
File: images/old_state/Coverage.png Graphic file (type png)
<use images/old_state/Coverage.png>
Package pdftex.def Info: images/old_state/Coverage.png  used on input line 340.

(pdftex.def)             Requested size: 469.47049pt x 33.22853pt.
File: images/Logo.png Graphic file (type png)
<use images/Logo.png>
Package pdftex.def Info: images/Logo.png  used on input line 344.
(pdftex.def)             Requested size: 56.33415pt x 32.25014pt.

Overfull \vbox (18.47517pt too high) has occurred while \output is active []


[15 <./images/old_state/additional/LoginFailure.png> <./images/old_state/additi
onal/WaitingRoomFailure.png> <./images/old_state/additional/LeaveGame.png> <./i
mages/old_state/additional/Logout.png> <./images/old_state/Coverage.png>]
<images/mockups/LobbyWatchMode.png, id=421, 1003.75pt x 685.56125pt>
File: images/mockups/LobbyWatchMode.png Graphic file (type png)
<use images/mockups/LobbyWatchMode.png>
Package pdftex.def Info: images/mockups/LobbyWatchMode.png  used on input line 
351.
(pdftex.def)             Requested size: 375.57782pt x 256.51994pt.

Underfull \hbox (badness 10000) in paragraph at lines 348--354

 []

<images/mockups/NotReady.png, id=425, 1003.75pt x 703.62875pt>
File: images/mockups/NotReady.png Graphic file (type png)
<use images/mockups/NotReady.png>
Package pdftex.def Info: images/mockups/NotReady.png  used on input line 359.
(pdftex.def)             Requested size: 375.57782pt x 263.28036pt.

Underfull \hbox (badness 10000) in paragraph at lines 356--362

 []

File: images/Logo.png Graphic file (type png)
<use images/Logo.png>
Package pdftex.def Info: images/Logo.png  used on input line 362.
(pdftex.def)             Requested size: 56.33415pt x 32.25014pt.

Overfull \vbox (18.47517pt too high) has occurred while \output is active []


[16 <./images/mockups/LobbyWatchMode.png>]
<images/mockups/Ready.png, id=434, 1003.75pt x 704.6325pt>
File: images/mockups/Ready.png Graphic file (type png)
<use images/mockups/Ready.png>
Package pdftex.def Info: images/mockups/Ready.png  used on input line 365.
(pdftex.def)             Requested size: 375.57782pt x 263.65594pt.
<images/mockups/StartGame.png, id=435, 1003.75pt x 702.625pt>
File: images/mockups/StartGame.png Graphic file (type png)
<use images/mockups/StartGame.png>
Package pdftex.def Info: images/mockups/StartGame.png  used on input line 371.
(pdftex.def)             Requested size: 375.57782pt x 262.90477pt.
File: images/Logo.png Graphic file (type png)
<use images/Logo.png>
Package pdftex.def Info: images/Logo.png  used on input line 375.
(pdftex.def)             Requested size: 56.33415pt x 32.25014pt.

Overfull \vbox (18.47517pt too high) has occurred while \output is active []


[17 <./images/mockups/NotReady.png> <./images/mockups/Ready.png>]
<images/mockups/Ingame.png, id=443, 1174.3875pt x 803.0pt>
File: images/mockups/Ingame.png Graphic file (type png)
<use images/mockups/Ingame.png>
Package pdftex.def Info: images/mockups/Ingame.png  used on input line 379.
(pdftex.def)             Requested size: 375.57782pt x 256.80597pt.

Underfull \hbox (badness 10000) in paragraph at lines 376--382

 []

File: images/Logo.png Graphic file (type png)
<use images/Logo.png>
Package pdftex.def Info: images/Logo.png  used on input line 384.
(pdftex.def)             Requested size: 56.33415pt x 32.25014pt.

Overfull \vbox (18.47517pt too high) has occurred while \output is active []


[18 <./images/mockups/StartGame.png> <./images/mockups/Ingame.png>]
<images/mockups/Select.png, id=452, 1003.75pt x 686.565pt>
File: images/mockups/Select.png Graphic file (type png)
<use images/mockups/Select.png>
Package pdftex.def Info: images/mockups/Select.png  used on input line 388.
(pdftex.def)             Requested size: 375.57782pt x 256.89552pt.

Underfull \hbox (badness 10000) in paragraph at lines 385--391

 []

<images/mockups/Select3.png, id=453, 1003.75pt x 686.565pt>
File: images/mockups/Select3.png Graphic file (type png)
<use images/mockups/Select3.png>
Package pdftex.def Info: images/mockups/Select3.png  used on input line 395.
(pdftex.def)             Requested size: 375.57782pt x 256.89552pt.

Underfull \hbox (badness 10000) in paragraph at lines 392--398

 []

<images/mockups/Select2.png, id=454, 1003.75pt x 686.565pt>
File: images/mockups/Select2.png Graphic file (type png)
<use images/mockups/Select2.png>
Package pdftex.def Info: images/mockups/Select2.png  used on input line 401.
(pdftex.def)             Requested size: 375.57782pt x 256.89552pt.
File: images/Logo.png Graphic file (type png)
<use images/Logo.png>
Package pdftex.def Info: images/Logo.png  used on input line 404.
(pdftex.def)             Requested size: 56.33415pt x 32.25014pt.

Overfull \vbox (18.47517pt too high) has occurred while \output is active []


[19 <./images/mockups/Select.png>]
File: images/Logo.png Graphic file (type png)
<use images/Logo.png>
Package pdftex.def Info: images/Logo.png  used on input line 406.
(pdftex.def)             Requested size: 56.33415pt x 32.25014pt.

Overfull \vbox (18.47517pt too high) has occurred while \output is active []


[20 <./images/mockups/Select3.png> <./images/mockups/Select2.png>]
<images/mockups/ConfirmMove.png, id=474, 1003.75pt x 686.565pt>
File: images/mockups/ConfirmMove.png Graphic file (type png)
<use images/mockups/ConfirmMove.png>
Package pdftex.def Info: images/mockups/ConfirmMove.png  used on input line 410
.
(pdftex.def)             Requested size: 375.57782pt x 256.89552pt.
<images/mockups/ConfirmMove2.png, id=475, 1003.75pt x 686.565pt>
File: images/mockups/ConfirmMove2.png Graphic file (type png)
<use images/mockups/ConfirmMove2.png>
Package pdftex.def Info: images/mockups/ConfirmMove2.png  used on input line 41
6.
(pdftex.def)             Requested size: 375.57782pt x 256.89552pt.
File: images/Logo.png Graphic file (type png)
<use images/Logo.png>
Package pdftex.def Info: images/Logo.png  used on input line 420.
(pdftex.def)             Requested size: 56.33415pt x 32.25014pt.

Overfull \vbox (18.47517pt too high) has occurred while \output is active []


[21 <./images/mockups/ConfirmMove.png>]
<images/mockups/Attack.png, id=483, 1003.75pt x 686.565pt>
File: images/mockups/Attack.png Graphic file (type png)
<use images/mockups/Attack.png>
Package pdftex.def Info: images/mockups/Attack.png  used on input line 424.
(pdftex.def)             Requested size: 375.57782pt x 256.89552pt.

Underfull \hbox (badness 10000) in paragraph at lines 421--427

 []

File: images/Logo.png Graphic file (type png)
<use images/Logo.png>
Package pdftex.def Info: images/Logo.png  used on input line 429.
(pdftex.def)             Requested size: 56.33415pt x 32.25014pt.

Overfull \vbox (18.47517pt too high) has occurred while \output is active []


[22 <./images/mockups/ConfirmMove2.png> <./images/mockups/Attack.png>]
<images/mockups/GameOver.png, id=495, 1174.3875pt x 803.0pt>
File: images/mockups/GameOver.png Graphic file (type png)
<use images/mockups/GameOver.png>
Package pdftex.def Info: images/mockups/GameOver.png  used on input line 433.
(pdftex.def)             Requested size: 375.57782pt x 256.80597pt.
<images/mockups/GameWon.png, id=496, 1174.3875pt x 803.0pt>
File: images/mockups/GameWon.png Graphic file (type png)
<use images/mockups/GameWon.png>
Package pdftex.def Info: images/mockups/GameWon.png  used on input line 439.
(pdftex.def)             Requested size: 375.57782pt x 256.80597pt.
<images/mockups/SpectatorEnd.png, id=497, 1174.3875pt x 803.0pt>
File: images/mockups/SpectatorEnd.png Graphic file (type png)
<use images/mockups/SpectatorEnd.png>
Package pdftex.def Info: images/mockups/SpectatorEnd.png  used on input line 44
5.
(pdftex.def)             Requested size: 375.57782pt x 256.80597pt.
File: images/Logo.png Graphic file (type png)
<use images/Logo.png>
Package pdftex.def Info: images/Logo.png  used on input line 448.
(pdftex.def)             Requested size: 56.33415pt x 32.25014pt.

Overfull \vbox (18.47517pt too high) has occurred while \output is active []


[23 <./images/mockups/GameOver.png>]
<images/mockups/EndPhase.png, id=507, 1003.75pt x 686.565pt>
File: images/mockups/EndPhase.png Graphic file (type png)
<use images/mockups/EndPhase.png>
Package pdftex.def Info: images/mockups/EndPhase.png  used on input line 453.
(pdftex.def)             Requested size: 375.57782pt x 256.89552pt.

Underfull \hbox (badness 10000) in paragraph at lines 450--456

 []

File: images/Logo.png Graphic file (type png)
<use images/Logo.png>
Package pdftex.def Info: images/Logo.png  used on input line 456.
(pdftex.def)             Requested size: 56.33415pt x 32.25014pt.

Overfull \vbox (18.47517pt too high) has occurred while \output is active []


[24 <./images/mockups/GameWon.png> <./images/mockups/SpectatorEnd.png>]
Underfull \hbox (badness 10000) in paragraph at lines 459--460

 []

<images/domain_stories/readyStory1.png, id=516, 837.1275pt x 404.51125pt>
File: images/domain_stories/readyStory1.png Graphic file (type png)
<use images/domain_stories/readyStory1.png>
Package pdftex.def Info: images/domain_stories/readyStory1.png  used on input l
ine 464.
(pdftex.def)             Requested size: 469.47049pt x 226.85188pt.
File: images/Logo.png Graphic file (type png)
<use images/Logo.png>
Package pdftex.def Info: images/Logo.png  used on input line 468.
(pdftex.def)             Requested size: 56.33415pt x 32.25014pt.

Overfull \vbox (18.47517pt too high) has occurred while \output is active []


[25 <./images/mockups/EndPhase.png>]
<images/domain_stories/readyStory2.png, id=525, 862.22125pt x 403.5075pt>
File: images/domain_stories/readyStory2.png Graphic file (type png)
<use images/domain_stories/readyStory2.png>
Package pdftex.def Info: images/domain_stories/readyStory2.png  used on input l
ine 471.
(pdftex.def)             Requested size: 469.47049pt x 219.70096pt.
<images/domain_stories/readyStory3.png, id=527, 797.98125pt x 607.26875pt>
File: images/domain_stories/readyStory3.png Graphic file (type png)
<use images/domain_stories/readyStory3.png>
Package pdftex.def Info: images/domain_stories/readyStory3.png  used on input l
ine 478.
(pdftex.def)             Requested size: 469.47049pt x 357.26617pt.
File: images/Logo.png Graphic file (type png)
<use images/Logo.png>
Package pdftex.def Info: images/Logo.png  used on input line 482.
(pdftex.def)             Requested size: 56.33415pt x 32.25014pt.

Overfull \vbox (18.47517pt too high) has occurred while \output is active []


[26 <./images/domain_stories/readyStory1.png> <./images/domain_stories/readySto
ry2.png>]
<images/domain_stories/moveStory1.png, id=538, 857.2025pt x 419.5675pt>
File: images/domain_stories/moveStory1.png Graphic file (type png)
<use images/domain_stories/moveStory1.png>
Package pdftex.def Info: images/domain_stories/moveStory1.png  used on input li
ne 486.
(pdftex.def)             Requested size: 469.47049pt x 229.78972pt.
<images/domain_stories/moveStory2.png, id=540, 871.255pt x 412.54124pt>
File: images/domain_stories/moveStory2.png Graphic file (type png)
<use images/domain_stories/moveStory2.png>
Package pdftex.def Info: images/domain_stories/moveStory2.png  used on input li
ne 493.
(pdftex.def)             Requested size: 469.47049pt x 222.29054pt.
File: images/Logo.png Graphic file (type png)
<use images/Logo.png>
Package pdftex.def Info: images/Logo.png  used on input line 496.
(pdftex.def)             Requested size: 56.33415pt x 32.25014pt.

Overfull \vbox (18.47517pt too high) has occurred while \output is active []


[27 <./images/domain_stories/readyStory3.png> <./images/domain_stories/moveStor
y1.png>]
<images/domain_stories/moveStory3.png, id=549, 795.97375pt x 658.46pt>
File: images/domain_stories/moveStory3.png Graphic file (type png)
<use images/domain_stories/moveStory3.png>
Package pdftex.def Info: images/domain_stories/moveStory3.png  used on input li
ne 500.
(pdftex.def)             Requested size: 469.47049pt x 388.35742pt.
File: images/Logo.png Graphic file (type png)
<use images/Logo.png>
Package pdftex.def Info: images/Logo.png  used on input line 504.
(pdftex.def)             Requested size: 56.33415pt x 32.25014pt.

Overfull \vbox (18.47517pt too high) has occurred while \output is active []


[28 <./images/domain_stories/moveStory2.png>]
File: images/Logo.png Graphic file (type png)
<use images/Logo.png>
Package pdftex.def Info: images/Logo.png  used on input line 504.
(pdftex.def)             Requested size: 56.33415pt x 32.25014pt.

Overfull \vbox (18.47517pt too high) has occurred while \output is active []


[29 <./images/domain_stories/moveStory3.png>]

Package hyperref Warning: Token not allowed in a PDF string (PDFDocEncoding):
(hyperref)                removing `\uppercase' on input line 505.

File: images/Logo.png Graphic file (type png)
<use images/Logo.png>
Package pdftex.def Info: images/Logo.png  used on input line 528.
(pdftex.def)             Requested size: 56.33415pt x 32.25014pt.

Overfull \vbox (18.47517pt too high) has occurred while \output is active []


[30]
File: images/Logo.png Graphic file (type png)
<use images/Logo.png>
Package pdftex.def Info: images/Logo.png  used on input line 551.
(pdftex.def)             Requested size: 56.33415pt x 32.25014pt.

Overfull \vbox (18.47517pt too high) has occurred while \output is active []


[31]
File: images/Logo.png Graphic file (type png)
<use images/Logo.png>
Package pdftex.def Info: images/Logo.png  used on input line 572.
(pdftex.def)             Requested size: 56.33415pt x 32.25014pt.

Overfull \vbox (18.47517pt too high) has occurred while \output is active []


[32]
File: images/Logo.png Graphic file (type png)
<use images/Logo.png>
Package pdftex.def Info: images/Logo.png  used on input line 594.
(pdftex.def)             Requested size: 56.33415pt x 32.25014pt.

Overfull \vbox (18.47517pt too high) has occurred while \output is active []


[33]
File: images/Logo.png Graphic file (type png)
<use images/Logo.png>
Package pdftex.def Info: images/Logo.png  used on input line 617.
(pdftex.def)             Requested size: 56.33415pt x 32.25014pt.

Overfull \vbox (18.47517pt too high) has occurred while \output is active []


[34]
File: images/Logo.png Graphic file (type png)
<use images/Logo.png>
Package pdftex.def Info: images/Logo.png  used on input line 635.
(pdftex.def)             Requested size: 56.33415pt x 32.25014pt.

Overfull \vbox (18.47517pt too high) has occurred while \output is active []


[35]
File: images/Logo.png Graphic file (type png)
<use images/Logo.png>
Package pdftex.def Info: images/Logo.png  used on input line 659.
(pdftex.def)             Requested size: 56.33415pt x 32.25014pt.

Overfull \vbox (18.47517pt too high) has occurred while \output is active []


[36]
File: images/Logo.png Graphic file (type png)
<use images/Logo.png>
Package pdftex.def Info: images/Logo.png  used on input line 686.
(pdftex.def)             Requested size: 56.33415pt x 32.25014pt.

Overfull \vbox (18.47517pt too high) has occurred while \output is active []


[37]
Overfull \hbox (17.05327pt too wide) in paragraph at lines 707--708
 []\OT1/phv/b/n/12 Ziel und Sub-tasks[] \OT1/phv/m/n/12 Be-weg-te der Nut-zer d
ie Maus []uber ei-ne Ein-heit, soll-ten al-le verf[]ugbaren
 []

File: images/Logo.png Graphic file (type png)
<use images/Logo.png>
Package pdftex.def Info: images/Logo.png  used on input line 715.
(pdftex.def)             Requested size: 56.33415pt x 32.25014pt.

Overfull \vbox (18.47517pt too high) has occurred while \output is active []


[38]
File: images/Logo.png Graphic file (type png)
<use images/Logo.png>
Package pdftex.def Info: images/Logo.png  used on input line 734.
(pdftex.def)             Requested size: 56.33415pt x 32.25014pt.

Overfull \vbox (18.47517pt too high) has occurred while \output is active []


[39]
Overfull \hbox (8.50229pt too wide) in alignment at lines 737--741
 [] [] [] [] [] 
 []


Overfull \hbox (8.50229pt too wide) in alignment at lines 741--753
 [] [] [] [] [] 
 []

<images/sprintV/burndown.png, id=704, 1362.08875pt x 590.205pt>
File: images/sprintV/burndown.png Graphic file (type png)
<use images/sprintV/burndown.png>
Package pdftex.def Info: images/sprintV/burndown.png  used on input line 759.
(pdftex.def)             Requested size: 469.47049pt x 203.4228pt.
File: images/Logo.png Graphic file (type png)
<use images/Logo.png>
Package pdftex.def Info: images/Logo.png  used on input line 764.
(pdftex.def)             Requested size: 56.33415pt x 32.25014pt.

Overfull \vbox (18.47517pt too high) has occurred while \output is active []


[40 <./images/sprintV/burndown.png>]
<images/sprintV/doneIssues.png, id=716, 586.69188pt x 174.15062pt>
File: images/sprintV/doneIssues.png Graphic file (type png)
<use images/sprintV/doneIssues.png>
Package pdftex.def Info: images/sprintV/doneIssues.png  used on input line 768.

(pdftex.def)             Requested size: 469.47049pt x 139.35522pt.
<images/sprintV/openIssues.png, id=719, 592.2125pt x 539.01375pt>
File: images/sprintV/openIssues.png Graphic file (type png)
<use images/sprintV/openIssues.png>
Package pdftex.def Info: images/sprintV/openIssues.png  used on input line 783.

(pdftex.def)             Requested size: 469.47049pt x 427.31308pt.
File: images/Logo.png Graphic file (type png)
<use images/Logo.png>
Package pdftex.def Info: images/Logo.png  used on input line 787.
(pdftex.def)             Requested size: 56.33415pt x 32.25014pt.

Overfull \vbox (18.47517pt too high) has occurred while \output is active []


[41 <./images/sprintV/doneIssues.png>]
<images/sprintV/coverage.png, id=728, 660.96938pt x 56.21pt>
File: images/sprintV/coverage.png Graphic file (type png)
<use images/sprintV/coverage.png>
Package pdftex.def Info: images/sprintV/coverage.png  used on input line 791.
(pdftex.def)             Requested size: 469.47049pt x 39.92566pt.
File: images/Logo.png Graphic file (type png)
<use images/Logo.png>
Package pdftex.def Info: images/Logo.png  used on input line 795.
(pdftex.def)             Requested size: 56.33415pt x 32.25014pt.

Overfull \vbox (18.47517pt too high) has occurred while \output is active []


[42 <./images/sprintV/openIssues.png> <./images/sprintV/coverage.png>]

Package hyperref Warning: Token not allowed in a PDF string (PDFDocEncoding):
(hyperref)                removing `\uppercase' on input line 796.


Package hyperref Warning: Token not allowed in a PDF string (PDFDocEncoding):
(hyperref)                removing `\uppercase' on input line 808.

File: images/Logo.png Graphic file (type png)
<use images/Logo.png>
Package pdftex.def Info: images/Logo.png  used on input line 825.
(pdftex.def)             Requested size: 56.33415pt x 32.25014pt.

Overfull \vbox (18.47517pt too high) has occurred while \output is active []


[43]
File: images/Logo.png Graphic file (type png)
<use images/Logo.png>
Package pdftex.def Info: images/Logo.png  used on input line 854.
(pdftex.def)             Requested size: 56.33415pt x 32.25014pt.

Overfull \vbox (18.47517pt too high) has occurred while \output is active []


[44]

Package hyperref Warning: Token not allowed in a PDF string (PDFDocEncoding):
(hyperref)                removing `\uppercase' on input line 867.

File: images/Logo.png Graphic file (type png)
<use images/Logo.png>
Package pdftex.def Info: images/Logo.png  used on input line 885.
(pdftex.def)             Requested size: 56.33415pt x 32.25014pt.

Overfull \vbox (18.47517pt too high) has occurred while \output is active []


[45]
File: images/Logo.png Graphic file (type png)
<use images/Logo.png>
Package pdftex.def Info: images/Logo.png  used on input line 908.
(pdftex.def)             Requested size: 56.33415pt x 32.25014pt.

Overfull \vbox (18.47517pt too high) has occurred while \output is active []


[46]
File: images/Logo.png Graphic file (type png)
<use images/Logo.png>
Package pdftex.def Info: images/Logo.png  used on input line 935.
(pdftex.def)             Requested size: 56.33415pt x 32.25014pt.

Overfull \vbox (18.47517pt too high) has occurred while \output is active []


[47]
Overfull \hbox (18.80547pt too wide) in paragraph at lines 956--957
\OT1/phv/m/n/12 we-gung die Ein-heit im-mer noch aus-gew[]ahlt war, wenn noch B
e-we-gungs-punk-te zur Verf[]ugung
 []

File: images/Logo.png Graphic file (type png)
<use images/Logo.png>
Package pdftex.def Info: images/Logo.png  used on input line 960.
(pdftex.def)             Requested size: 56.33415pt x 32.25014pt.

Overfull \vbox (18.47517pt too high) has occurred while \output is active []


[48]

Package hyperref Warning: Token not allowed in a PDF string (PDFDocEncoding):
(hyperref)                removing `\uppercase' on input line 985.

File: images/Logo.png Graphic file (type png)
<use images/Logo.png>
Package pdftex.def Info: images/Logo.png  used on input line 990.
(pdftex.def)             Requested size: 56.33415pt x 32.25014pt.

Overfull \vbox (18.47517pt too high) has occurred while \output is active []


[49]

Package hyperref Warning: Token not allowed in a PDF string (PDFDocEncoding):
(hyperref)                removing `\uppercase' on input line 996.

File: images/Logo.png Graphic file (type png)
<use images/Logo.png>
Package pdftex.def Info: images/Logo.png  used on input line 1016.
(pdftex.def)             Requested size: 56.33415pt x 32.25014pt.

Overfull \vbox (18.47517pt too high) has occurred while \output is active []


[50]
Overfull \hbox (9.86449pt too wide) in paragraph at lines 1040--1041
\OT1/phv/m/n/12 (Confirm-Button), beim Info-Alert (Confirm-Button) und beim Pha
se-Beenden-Button (Spiel-
 []


Overfull \hbox (23.17216pt too wide) in paragraph at lines 1044--1045
 []\OT1/phv/b/n/12 Ergebnis[] \OT1/phv/m/n/12 Al-le Alerts so-wie der Phase-Bee
nden-Button lie-^^Yen sich mit der Best[]atigungstaste
 []

File: images/Logo.png Graphic file (type png)
<use images/Logo.png>
Package pdftex.def Info: images/Logo.png  used on input line 1045.
(pdftex.def)             Requested size: 56.33415pt x 32.25014pt.

Overfull \vbox (18.47517pt too high) has occurred while \output is active []


[51]
File: images/Logo.png Graphic file (type png)
<use images/Logo.png>
Package pdftex.def Info: images/Logo.png  used on input line 1073.
(pdftex.def)             Requested size: 56.33415pt x 32.25014pt.

Overfull \vbox (18.47517pt too high) has occurred while \output is active []


[52]
Overfull \hbox (0.64989pt too wide) in paragraph at lines 1088--1089
 []\OT1/phv/b/n/12 Problem[] \OT1/phv/m/n/12 W[]ahrend der Nut-zer sich im Spie
l (Warteraum- oder Spiel-sze-ne) be-fand, konn-
 []

File: images/Logo.png Graphic file (type png)
<use images/Logo.png>
Package pdftex.def Info: images/Logo.png  used on input line 1098.
(pdftex.def)             Requested size: 56.33415pt x 32.25014pt.

Overfull \vbox (18.47517pt too high) has occurred while \output is active []


[53]
Overfull \hbox (25.8334pt too wide) in alignment at lines 1101--1105
 [] [] [] [] 
 []


Overfull \hbox (25.8334pt too wide) in alignment at lines 1105--1127
 [] [] [] [] 
 []


Overfull \hbox (25.8334pt too wide) in alignment at lines 1127--1142
 [] [] [] [] 
 []

File: images/Logo.png Graphic file (type png)
<use images/Logo.png>
Package pdftex.def Info: images/Logo.png  used on input line 1145.
(pdftex.def)             Requested size: 56.33415pt x 32.25014pt.

Overfull \vbox (18.47517pt too high) has occurred while \output is active []


[54]
<images/sprintVI/burndown.png, id=933, 1362.08875pt x 580.1675pt>
File: images/sprintVI/burndown.png Graphic file (type png)
<use images/sprintVI/burndown.png>
Package pdftex.def Info: images/sprintVI/burndown.png  used on input line 1149.

(pdftex.def)             Requested size: 469.47049pt x 199.96323pt.
<images/sprintVI/doneStories.png, id=936, 644.90938pt x 562.1pt>
File: images/sprintVI/doneStories.png Graphic file (type png)
<use images/sprintVI/doneStories.png>
Package pdftex.def Info: images/sprintVI/doneStories.png  used on input line 11
57.
(pdftex.def)             Requested size: 469.47049pt x 409.18886pt.
File: images/Logo.png Graphic file (type png)
<use images/Logo.png>
Package pdftex.def Info: images/Logo.png  used on input line 1161.
(pdftex.def)             Requested size: 56.33415pt x 32.25014pt.

Overfull \vbox (18.47517pt too high) has occurred while \output is active []


[55 <./images/sprintVI/burndown.png>]
<images/sprintVI/doneTasks.png, id=946, 485.31313pt x 282.55562pt>
File: images/sprintVI/doneTasks.png Graphic file (type png)
<use images/sprintVI/doneTasks.png>
Package pdftex.def Info: images/sprintVI/doneTasks.png  used on input line 1165
.
(pdftex.def)             Requested size: 375.57782pt x 218.67653pt.
File: images/Logo.png Graphic file (type png)
<use images/Logo.png>
Package pdftex.def Info: images/Logo.png  used on input line 1169.
(pdftex.def)             Requested size: 56.33415pt x 32.25014pt.

Overfull \vbox (18.47517pt too high) has occurred while \output is active []


[56 <./images/sprintVI/doneStories.png>]
<images/sprintVI/fixedBugs.png, id=955, 436.63126pt x 172.645pt>
File: images/sprintVI/fixedBugs.png Graphic file (type png)
<use images/sprintVI/fixedBugs.png>
Package pdftex.def Info: images/sprintVI/fixedBugs.png  used on input line 1173
.
(pdftex.def)             Requested size: 375.57782pt x 148.50603pt.
<images/sprintVI/openBugs.png, id=957, 519.44063pt x 107.40125pt>
File: images/sprintVI/openBugs.png Graphic file (type png)
<use images/sprintVI/openBugs.png>
Package pdftex.def Info: images/sprintVI/openBugs.png  used on input line 1181.

(pdftex.def)             Requested size: 375.57782pt x 77.65494pt.
File: images/Logo.png Graphic file (type png)
<use images/Logo.png>
Package pdftex.def Info: images/Logo.png  used on input line 1185.
(pdftex.def)             Requested size: 56.33415pt x 32.25014pt.

Overfull \vbox (18.47517pt too high) has occurred while \output is active []


[57 <./images/sprintVI/doneTasks.png> <./images/sprintVI/fixedBugs.png>]
<images/sprintVI/coverage.png, id=966, 469.00218pt x 47.42719pt>
File: images/sprintVI/coverage.png Graphic file (type png)
<use images/sprintVI/coverage.png>
Package pdftex.def Info: images/sprintVI/coverage.png  used on input line 1189.

(pdftex.def)             Requested size: 469.47049pt x 47.47409pt.
File: images/Logo.png Graphic file (type png)
<use images/Logo.png>
Package pdftex.def Info: images/Logo.png  used on input line 1193.
(pdftex.def)             Requested size: 56.33415pt x 32.25014pt.

Overfull \vbox (18.47517pt too high) has occurred while \output is active []


[58 <./images/sprintVI/openBugs.png> <./images/sprintVI/coverage.png>]

Package hyperref Warning: Token not allowed in a PDF string (PDFDocEncoding):
(hyperref)                removing `\uppercase' on input line 1194.

File: images/mockups/LobbyWatchMode.png Graphic file (type png)
<use images/mockups/LobbyWatchMode.png>
Package pdftex.def Info: images/mockups/LobbyWatchMode.png  used on input line 
1200.
(pdftex.def)             Requested size: 375.57782pt x 256.51994pt.
File: images/Logo.png Graphic file (type png)
<use images/Logo.png>
Package pdftex.def Info: images/Logo.png  used on input line 1204.
(pdftex.def)             Requested size: 56.33415pt x 32.25014pt.

Overfull \vbox (18.47517pt too high) has occurred while \output is active []


[59]
<images/endOfRelease/LobbyWatchMode.png, id=980, 1003.75pt x 701.62125pt>
File: images/endOfRelease/LobbyWatchMode.png Graphic file (type png)
<use images/endOfRelease/LobbyWatchMode.png>
Package pdftex.def Info: images/endOfRelease/LobbyWatchMode.png  used on input 
line 1208.
(pdftex.def)             Requested size: 375.57782pt x 262.52919pt.
File: images/mockups/NotReady.png Graphic file (type png)
<use images/mockups/NotReady.png>
Package pdftex.def Info: images/mockups/NotReady.png  used on input line 1216.
(pdftex.def)             Requested size: 375.57782pt x 263.28036pt.
File: images/Logo.png Graphic file (type png)
<use images/Logo.png>
Package pdftex.def Info: images/Logo.png  used on input line 1220.
(pdftex.def)             Requested size: 56.33415pt x 32.25014pt.

Overfull \vbox (18.47517pt too high) has occurred while \output is active []


[60 <./images/endOfRelease/LobbyWatchMode.png>]
<images/endOfRelease/NotReady.png, id=989, 1003.75pt x 702.625pt>
File: images/endOfRelease/NotReady.png Graphic file (type png)
<use images/endOfRelease/NotReady.png>
Package pdftex.def Info: images/endOfRelease/NotReady.png  used on input line 1
223.
(pdftex.def)             Requested size: 375.57782pt x 262.90477pt.
File: images/mockups/StartGame.png Graphic file (type png)
<use images/mockups/StartGame.png>
Package pdftex.def Info: images/mockups/StartGame.png  used on input line 1230.

(pdftex.def)             Requested size: 375.57782pt x 262.90477pt.
File: images/Logo.png Graphic file (type png)
<use images/Logo.png>
Package pdftex.def Info: images/Logo.png  used on input line 1233.
(pdftex.def)             Requested size: 56.33415pt x 32.25014pt.

Overfull \vbox (18.47517pt too high) has occurred while \output is active []


[61 <./images/endOfRelease/NotReady.png>]
<images/endOfRelease/StartGame.png, id=997, 1003.75pt x 703.62875pt>
File: images/endOfRelease/StartGame.png Graphic file (type png)
<use images/endOfRelease/StartGame.png>
Package pdftex.def Info: images/endOfRelease/StartGame.png  used on input line 
1236.
(pdftex.def)             Requested size: 375.57782pt x 263.28036pt.
File: images/mockups/Ingame.png Graphic file (type png)
<use images/mockups/Ingame.png>
Package pdftex.def Info: images/mockups/Ingame.png  used on input line 1245.
(pdftex.def)             Requested size: 375.57782pt x 256.80597pt.
File: images/Logo.png Graphic file (type png)
<use images/Logo.png>
Package pdftex.def Info: images/Logo.png  used on input line 1248.
(pdftex.def)             Requested size: 56.33415pt x 32.25014pt.

Overfull \vbox (18.47517pt too high) has occurred while \output is active []


[62 <./images/endOfRelease/StartGame.png>]
<images/endOfRelease/Ingame.png, id=1008, 1003.75pt x 695.59875pt>
File: images/endOfRelease/Ingame.png Graphic file (type png)
<use images/endOfRelease/Ingame.png>
Package pdftex.def Info: images/endOfRelease/Ingame.png  used on input line 125
2.
(pdftex.def)             Requested size: 375.57782pt x 260.27574pt.
<images/endOfRelease/Ingame2.png, id=1009, 1003.75pt x 696.6025pt>
File: images/endOfRelease/Ingame2.png Graphic file (type png)
<use images/endOfRelease/Ingame2.png>
Package pdftex.def Info: images/endOfRelease/Ingame2.png  used on input line 12
58.
(pdftex.def)             Requested size: 375.57782pt x 260.6513pt.
File: images/Logo.png Graphic file (type png)
<use images/Logo.png>
Package pdftex.def Info: images/Logo.png  used on input line 1261.
(pdftex.def)             Requested size: 56.33415pt x 32.25014pt.

Overfull \vbox (18.47517pt too high) has occurred while \output is active []


[63]
File: images/Logo.png Graphic file (type png)
<use images/Logo.png>
Package pdftex.def Info: images/Logo.png  used on input line 1264.
(pdftex.def)             Requested size: 56.33415pt x 32.25014pt.

Overfull \vbox (18.47517pt too high) has occurred while \output is active []


[64 <./images/endOfRelease/Ingame.png> <./images/endOfRelease/Ingame2.png>]
File: images/mockups/Select.png Graphic file (type png)
<use images/mockups/Select.png>
Package pdftex.def Info: images/mockups/Select.png  used on input line 1268.
(pdftex.def)             Requested size: 375.57782pt x 256.89552pt.
<images/endOfRelease/Select.png, id=1025, 1003.75pt x 696.6025pt>
File: images/endOfRelease/Select.png Graphic file (type png)
<use images/endOfRelease/Select.png>
Package pdftex.def Info: images/endOfRelease/Select.png  used on input line 127
5.
(pdftex.def)             Requested size: 375.57782pt x 260.6513pt.
File: images/Logo.png Graphic file (type png)
<use images/Logo.png>
Package pdftex.def Info: images/Logo.png  used on input line 1279.
(pdftex.def)             Requested size: 56.33415pt x 32.25014pt.

Overfull \vbox (18.47517pt too high) has occurred while \output is active []


[65]
File: images/mockups/Select3.png Graphic file (type png)
<use images/mockups/Select3.png>
Package pdftex.def Info: images/mockups/Select3.png  used on input line 1283.
(pdftex.def)             Requested size: 375.57782pt x 256.89552pt.
<images/endOfRelease/Select3.png, id=1033, 1003.75pt x 695.59875pt>
File: images/endOfRelease/Select3.png Graphic file (type png)
<use images/endOfRelease/Select3.png>
Package pdftex.def Info: images/endOfRelease/Select3.png  used on input line 12
90.
(pdftex.def)             Requested size: 375.57782pt x 260.27574pt.
File: images/Logo.png Graphic file (type png)
<use images/Logo.png>
Package pdftex.def Info: images/Logo.png  used on input line 1293.
(pdftex.def)             Requested size: 56.33415pt x 32.25014pt.

Overfull \vbox (18.47517pt too high) has occurred while \output is active []


[66 <./images/endOfRelease/Select.png>]
File: images/mockups/Select2.png Graphic file (type png)
<use images/mockups/Select2.png>
Package pdftex.def Info: images/mockups/Select2.png  used on input line 1298.
(pdftex.def)             Requested size: 375.57782pt x 256.89552pt.
<images/endOfRelease/Select2.png, id=1042, 1003.75pt x 695.59875pt>
File: images/endOfRelease/Select2.png Graphic file (type png)
<use images/endOfRelease/Select2.png>
Package pdftex.def Info: images/endOfRelease/Select2.png  used on input line 13
05.
(pdftex.def)             Requested size: 375.57782pt x 260.27574pt.
File: images/Logo.png Graphic file (type png)
<use images/Logo.png>
Package pdftex.def Info: images/Logo.png  used on input line 1308.
(pdftex.def)             Requested size: 56.33415pt x 32.25014pt.

Overfull \vbox (18.47517pt too high) has occurred while \output is active []


[67 <./images/endOfRelease/Select3.png>]
File: images/mockups/GameOver.png Graphic file (type png)
<use images/mockups/GameOver.png>
Package pdftex.def Info: images/mockups/GameOver.png  used on input line 1317.
(pdftex.def)             Requested size: 375.57782pt x 256.80597pt.
File: images/Logo.png Graphic file (type png)
<use images/Logo.png>
Package pdftex.def Info: images/Logo.png  used on input line 1321.
(pdftex.def)             Requested size: 56.33415pt x 32.25014pt.

Overfull \vbox (18.47517pt too high) has occurred while \output is active []


[68 <./images/endOfRelease/Select2.png>]
<images/endOfRelease/GameOver.png, id=1063, 1003.75pt x 703.62875pt>
File: images/endOfRelease/GameOver.png Graphic file (type png)
<use images/endOfRelease/GameOver.png>
Package pdftex.def Info: images/endOfRelease/GameOver.png  used on input line 1
324.
(pdftex.def)             Requested size: 375.57782pt x 263.28036pt.

Overfull \hbox (22.30116pt too wide) in paragraph at lines 1321--1327
\OT1/phv/m/n/12 Die ge-plan-te Funk-tio-na-lit[]at wur-de um-ge-setzt. Die Be-n
ut-ze-ro-ber-fl[]ache ent-sprach den Mockups
 []

File: images/mockups/GameWon.png Graphic file (type png)
<use images/mockups/GameWon.png>
Package pdftex.def Info: images/mockups/GameWon.png  used on input line 1332.
(pdftex.def)             Requested size: 375.57782pt x 256.80597pt.
File: images/Logo.png Graphic file (type png)
<use images/Logo.png>
Package pdftex.def Info: images/Logo.png  used on input line 1335.
(pdftex.def)             Requested size: 56.33415pt x 32.25014pt.

Overfull \vbox (18.47517pt too high) has occurred while \output is active []


[69 <./images/endOfRelease/GameOver.png>]
<images/endOfRelease/GameWon.png, id=1071, 1003.75pt x 701.62125pt>
File: images/endOfRelease/GameWon.png Graphic file (type png)
<use images/endOfRelease/GameWon.png>
Package pdftex.def Info: images/endOfRelease/GameWon.png  used on input line 13
38.
(pdftex.def)             Requested size: 375.57782pt x 262.52919pt.

Overfull \hbox (22.30116pt too wide) in paragraph at lines 1342--1343
\OT1/phv/m/n/12 Die ge-plan-te Funk-tio-na-lit[]at wur-de um-ge-setzt. Die Be-n
ut-ze-ro-ber-fl[]ache ent-sprach den Mockups
 []

File: images/Logo.png Graphic file (type png)
<use images/Logo.png>
Package pdftex.def Info: images/Logo.png  used on input line 1343.
(pdftex.def)             Requested size: 56.33415pt x 32.25014pt.

Overfull \vbox (18.47517pt too high) has occurred while \output is active []


[70 <./images/endOfRelease/GameWon.png>]
File: images/mockups/SpectatorEnd.png Graphic file (type png)
<use images/mockups/SpectatorEnd.png>
Package pdftex.def Info: images/mockups/SpectatorEnd.png  used on input line 13
47.
(pdftex.def)             Requested size: 375.57782pt x 256.80597pt.
<images/endOfRelease/SpectatorEnd.png, id=1082, 1003.75pt x 700.6175pt>
File: images/endOfRelease/SpectatorEnd.png Graphic file (type png)
<use images/endOfRelease/SpectatorEnd.png>
Package pdftex.def Info: images/endOfRelease/SpectatorEnd.png  used on input li
ne 1354.
(pdftex.def)             Requested size: 375.57782pt x 262.15363pt.

Overfull \hbox (22.30116pt too wide) in paragraph at lines 1351--1357
\OT1/phv/m/n/12 Die ge-plan-te Funk-tio-na-lit[]at wur-de um-ge-setzt. Die Be-n
ut-ze-ro-ber-fl[]ache ent-sprach den Mockups
 []

File: images/Logo.png Graphic file (type png)
<use images/Logo.png>
Package pdftex.def Info: images/Logo.png  used on input line 1358.
(pdftex.def)             Requested size: 56.33415pt x 32.25014pt.

Overfull \vbox (18.47517pt too high) has occurred while \output is active []


[71]
File: images/mockups/EndPhase.png Graphic file (type png)
<use images/mockups/EndPhase.png>
Package pdftex.def Info: images/mockups/EndPhase.png  used on input line 1362.
(pdftex.def)             Requested size: 375.57782pt x 256.89552pt.
<images/endOfRelease/EndPhase.png, id=1090, 1003.75pt x 695.59875pt>
File: images/endOfRelease/EndPhase.png Graphic file (type png)
<use images/endOfRelease/EndPhase.png>
Package pdftex.def Info: images/endOfRelease/EndPhase.png  used on input line 1
370.
(pdftex.def)             Requested size: 375.57782pt x 260.27574pt.
File: images/Logo.png Graphic file (type png)
<use images/Logo.png>
Package pdftex.def Info: images/Logo.png  used on input line 1373.
(pdftex.def)             Requested size: 56.33415pt x 32.25014pt.

Overfull \vbox (18.47517pt too high) has occurred while \output is active []


[72 <./images/endOfRelease/SpectatorEnd.png>]
<images/endOfRelease/SelectEnemy.png, id=1099, 1003.75pt x 701.62125pt>
File: images/endOfRelease/SelectEnemy.png Graphic file (type png)
<use images/endOfRelease/SelectEnemy.png>
Package pdftex.def Info: images/endOfRelease/SelectEnemy.png  used on input lin
e 1380.
(pdftex.def)             Requested size: 375.57782pt x 262.52919pt.
File: images/Logo.png Graphic file (type png)
<use images/Logo.png>
Package pdftex.def Info: images/Logo.png  used on input line 1384.
(pdftex.def)             Requested size: 56.33415pt x 32.25014pt.

Overfull \vbox (18.47517pt too high) has occurred while \output is active []


[73 <./images/endOfRelease/EndPhase.png>]
<images/endOfRelease/HealthbarDown.png, id=1108, 1003.75pt x 702.625pt>
File: images/endOfRelease/HealthbarDown.png Graphic file (type png)
<use images/endOfRelease/HealthbarDown.png>
Package pdftex.def Info: images/endOfRelease/HealthbarDown.png  used on input l
ine 1387.
(pdftex.def)             Requested size: 375.57782pt x 262.90477pt.
<images/endOfRelease/Failure.png, id=1110, 1003.75pt x 703.62875pt>
File: images/endOfRelease/Failure.png Graphic file (type png)
<use images/endOfRelease/Failure.png>
Package pdftex.def Info: images/endOfRelease/Failure.png  used on input line 13
94.
(pdftex.def)             Requested size: 375.57782pt x 263.28036pt.
File: images/Logo.png Graphic file (type png)
<use images/Logo.png>
Package pdftex.def Info: images/Logo.png  used on input line 1397.
(pdftex.def)             Requested size: 56.33415pt x 32.25014pt.

Overfull \vbox (18.47517pt too high) has occurred while \output is active []


[74 <./images/endOfRelease/SelectEnemy.png> <./images/endOfRelease/HealthbarDow
n.png>]
File: images/Logo.png Graphic file (type png)
<use images/Logo.png>
Package pdftex.def Info: images/Logo.png  used on input line 1400.
(pdftex.def)             Requested size: 56.33415pt x 32.25014pt.

Overfull \vbox (18.47517pt too high) has occurred while \output is active []


[75 <./images/endOfRelease/Failure.png>] (./main.lof
File: images/Logo.png Graphic file (type png)
<use images/Logo.png>
Package pdftex.def Info: images/Logo.png  used on input line 47.
(pdftex.def)             Requested size: 56.33415pt x 32.25014pt.

Overfull \vbox (18.47517pt too high) has occurred while \output is active []


[76])
\tf@lof=\write5
\openout5 = `main.lof'.

 (./main.lot)
\tf@lot=\write6
\openout6 = `main.lot'.

Package atveryend Info: Empty hook `BeforeClearDocument' on input line 1404.
File: images/Logo.png Graphic file (type png)
<use images/Logo.png>
Package pdftex.def Info: images/Logo.png  used on input line 1404.
(pdftex.def)             Requested size: 56.33415pt x 32.25014pt.

Overfull \vbox (18.47517pt too high) has occurred while \output is active []


[77]
Package atveryend Info: Empty hook `AfterLastShipout' on input line 1404.
 (./main.aux)
Package atveryend Info: Executing hook `AtVeryEndDocument' on input line 1404.
Package atveryend Info: Executing hook `AtEndAfterFileList' on input line 1404.

Package rerunfilecheck Info: File `main.out' has not changed.
(rerunfilecheck)             Checksum: D41D8CD98F00B204E9800998ECF8427E;0.
Package atveryend Info: Empty hook `AtVeryVeryEnd' on input line 1404.
 ) 
Here is how much of TeX's memory you used:
 13494 strings out of 492616
 221631 string characters out of 6129481
 432215 words of memory out of 5000000
 16639 multiletter control sequences out of 15000+600000
 29058 words of font info for 56 fonts, out of 8000000 for 9000
 1141 hyphenation exceptions out of 8191
 48i,15n,87p,9110b,622s stack positions out of 5000i,500n,10000p,200000b,80000s
{/usr/local/texlive/2019/texmf-dist/fonts/enc/dvips/base/8r.enc}</usr/local/t
exlive/2019/texmf-dist/fonts/type1/public/amsfonts/cm/cmsy10.pfb></usr/local/te
xlive/2019/texmf-dist/fonts/type1/urw/helvetic/uhvb8a.pfb></usr/local/texlive/2
019/texmf-dist/fonts/type1/urw/helvetic/uhvr8a.pfb></usr/local/texlive/2019/tex
mf-dist/fonts/type1/urw/helvetic/uhvro8a.pfb>
Output written on main.pdf (78 pages, 9004230 bytes).
PDF statistics:
 2236 PDF objects out of 2487 (max. 8388607)
 1976 compressed objects within 20 object streams
 498 named destinations out of 1000 (max. 500000)
 2759 words of extra memory for PDF output out of 10000 (max. 10000000)

